---------------------------------------------------------------
[ 2018-04-27T21:45:31+08:00 ] 127.0.0.1 GET /index.php?s=Adminx/Index/index
[ info ] 127.0.0.10/index.php?s=Adminx/Index/index [è¿è¡Œæ—¶é—´ï¼š1.083642s][åžåçŽ‡ï¼š0.92req/s] [å†…å­˜æ¶ˆè€—ï¼š1,952.70kb] [æ–‡ä»¶åŠ è½½ï¼š55]
[ info ] [ LANG ] I:\kfadmin\_core\lang\zh-cn.php
[ info ] [ ROUTE ] array (
  'type' => 'module',
  'module' => 
  array (
    0 => 'Adminx',
    1 => 'Index',
    2 => 'index',
  ),
)
[ info ] [ HEADER ] array (
  'accept-language' => 'zh-CN,zh;q=0.9',
  'accept-encoding' => 'gzip, deflate, br',
  'accept' => 'text/html,application/xhtml+xml,application/xml;q=0.9,image/webp,image/apng,*/*;q=0.8',
  'user-agent' => 'Mozilla/5.0 (Windows NT 10.0; Win64; x64) AppleWebKit/537.36 (KHTML, like Gecko) Chrome/65.0.3325.181 Safari/537.36',
  'upgrade-insecure-requests' => '1',
  'cache-control' => 'max-age=0',
  'connection' => 'close',
  'host' => '127.0.0.10',
)
[ info ] [ PARAM ] array (
)
[ info ] [ CACHE ] INIT File
[ info ] [ DB ] INIT mysql
[ info ] [ LOG ] INIT File
[ error ] [2002]SQLSTATE[HY000] [2002] ÓÉÓÚÄ¿±ê¼ÆËã»ú»ý¼«¾Ü¾ø£¬ÎÞ·¨Á¬½Ó¡£
[I:\kfadmin\_core\library\think\db\Connection.php:293]
---------------------------------------------------------------
[ 2018-04-27T21:45:40+08:00 ] 127.0.0.1 GET /index.php
[ info ] 127.0.0.10/index.php [è¿è¡Œæ—¶é—´ï¼š0.028086s][åžåçŽ‡ï¼š35.60req/s] [å†…å­˜æ¶ˆè€—ï¼š1,077.82kb] [æ–‡ä»¶åŠ è½½ï¼š34]
[ info ] [ LANG ] I:\kfadmin\_core\lang\zh-cn.php
[ info ] [ ROUTE ] array (
  'type' => 'module',
  'module' => 
  array (
    0 => '',
    1 => NULL,
    2 => NULL,
  ),
)
[ info ] [ HEADER ] array (
  'accept-language' => 'zh-CN,zh;q=0.9',
  'accept-encoding' => 'gzip, deflate, br',
  'accept' => 'text/html,application/xhtml+xml,application/xml;q=0.9,image/webp,image/apng,*/*;q=0.8',
  'user-agent' => 'Mozilla/5.0 (Windows NT 10.0; Win64; x64) AppleWebKit/537.36 (KHTML, like Gecko) Chrome/65.0.3325.181 Safari/537.36',
  'upgrade-insecure-requests' => '1',
  'connection' => 'close',
  'host' => '127.0.0.10',
)
[ info ] [ PARAM ] array (
)
[ info ] [ RUN ] app\www\controller\Index->index[ I:\kfadmin\app\www\controller\Index.php ]
[ info ] [ LOG ] INIT File
---------------------------------------------------------------
[ 2018-04-27T21:45:42+08:00 ] 127.0.0.1 GET /index.php
[ info ] 127.0.0.10/index.php [è¿è¡Œæ—¶é—´ï¼š0.022562s][åžåçŽ‡ï¼š44.32req/s] [å†…å­˜æ¶ˆè€—ï¼š1,077.88kb] [æ–‡ä»¶åŠ è½½ï¼š34]
[ info ] [ LANG ] I:\kfadmin\_core\lang\zh-cn.php
[ info ] [ ROUTE ] array (
  'type' => 'module',
  'module' => 
  array (
    0 => '',
    1 => NULL,
    2 => NULL,
  ),
)
[ info ] [ HEADER ] array (
  'accept-language' => 'zh-CN,zh;q=0.9',
  'accept-encoding' => 'gzip, deflate, br',
  'accept' => 'text/html,application/xhtml+xml,application/xml;q=0.9,image/webp,image/apng,*/*;q=0.8',
  'user-agent' => 'Mozilla/5.0 (Windows NT 10.0; Win64; x64) AppleWebKit/537.36 (KHTML, like Gecko) Chrome/65.0.3325.181 Safari/537.36',
  'upgrade-insecure-requests' => '1',
  'cache-control' => 'max-age=0',
  'connection' => 'close',
  'host' => '127.0.0.10',
)
[ info ] [ PARAM ] array (
)
[ info ] [ RUN ] app\www\controller\Index->index[ I:\kfadmin\app\www\controller\Index.php ]
[ info ] [ LOG ] INIT File
---------------------------------------------------------------
[ 2018-04-27T22:10:40+08:00 ] 127.0.0.1 GET /
[ info ] 127.0.0.10/ [è¿è¡Œæ—¶é—´ï¼š0.023120s][åžåçŽ‡ï¼š43.25req/s] [å†…å­˜æ¶ˆè€—ï¼š1,077.81kb] [æ–‡ä»¶åŠ è½½ï¼š34]
[ info ] [ LANG ] I:\kfadmin\_core\lang\zh-cn.php
[ info ] [ ROUTE ] array (
  'type' => 'module',
  'module' => 
  array (
    0 => '',
    1 => NULL,
    2 => NULL,
  ),
)
[ info ] [ HEADER ] array (
  'accept-language' => 'zh-CN,zh;q=0.9',
  'accept-encoding' => 'gzip, deflate, br',
  'accept' => 'text/html,application/xhtml+xml,application/xml;q=0.9,image/webp,image/apng,*/*;q=0.8',
  'user-agent' => 'Mozilla/5.0 (Windows NT 10.0; Win64; x64) AppleWebKit/537.36 (KHTML, like Gecko) Chrome/65.0.3325.181 Safari/537.36',
  'upgrade-insecure-requests' => '1',
  'connection' => 'close',
  'host' => '127.0.0.10',
)
[ info ] [ PARAM ] array (
)
[ info ] [ RUN ] app\www\controller\Index->index[ I:\kfadmin\app\www\controller\Index.php ]
[ info ] [ LOG ] INIT File
