---------------------------------------------------------------
[ 2018-04-30T08:29:38+08:00 ] 127.0.0.1 GET /
[ info ] 127.0.0.10/ [运行时间：0.578873s][吞吐率：1.73req/s] [内存消耗：1,077.77kb] [文件加载：34]
[ info ] [ LANG ] F:\kfadmin\_core\lang\zh-cn.php
[ info ] [ ROUTE ] array (
  'type' => 'module',
  'module' => 
  array (
    0 => '',
    1 => NULL,
    2 => NULL,
  ),
)
[ info ] [ HEADER ] array (
  'accept-language' => 'zh-CN,zh;q=0.9',
  'accept-encoding' => 'gzip, deflate, br',
  'accept' => 'text/html,application/xhtml+xml,application/xml;q=0.9,image/webp,image/apng,*/*;q=0.8',
  'user-agent' => 'Mozilla/5.0 (Windows NT 10.0; WOW64) AppleWebKit/537.36 (KHTML, like Gecko) Chrome/65.0.3325.181 Safari/537.36',
  'upgrade-insecure-requests' => '1',
  'connection' => 'close',
  'host' => '127.0.0.10',
)
[ info ] [ PARAM ] array (
)
[ info ] [ RUN ] app\www\controller\Index->index[ F:\kfadmin\app\www\controller\Index.php ]
[ info ] [ LOG ] INIT File
---------------------------------------------------------------
[ 2018-04-30T08:29:57+08:00 ] 127.0.0.1 GET /index.php?s=Adminx/Index/index
[ info ] 127.0.0.10/index.php?s=Adminx/Index/index [运行时间：0.187944s][吞吐率：5.32req/s] [内存消耗：1,394.85kb] [文件加载：50]
[ info ] [ LANG ] F:\kfadmin\_core\lang\zh-cn.php
[ info ] [ ROUTE ] array (
  'type' => 'module',
  'module' => 
  array (
    0 => 'Adminx',
    1 => 'Index',
    2 => 'index',
  ),
)
[ info ] [ HEADER ] array (
  'accept-language' => 'zh-CN,zh;q=0.9',
  'accept-encoding' => 'gzip, deflate, br',
  'accept' => 'text/html,application/xhtml+xml,application/xml;q=0.9,image/webp,image/apng,*/*;q=0.8',
  'user-agent' => 'Mozilla/5.0 (Windows NT 10.0; WOW64) AppleWebKit/537.36 (KHTML, like Gecko) Chrome/65.0.3325.181 Safari/537.36',
  'upgrade-insecure-requests' => '1',
  'connection' => 'close',
  'host' => '127.0.0.10',
)
[ info ] [ PARAM ] array (
)
[ info ] [ CACHE ] INIT File
[ info ] [ SESSION ] INIT array (
  'id' => '',
  'var_session_id' => '',
  'prefix' => 'think',
  'type' => '',
  'auto_start' => true,
)
[ info ] [ LOG ] INIT File
---------------------------------------------------------------
[ 2018-04-30T08:29:57+08:00 ] 127.0.0.1 GET /index.php/adminx/login/index.html
[ info ] 127.0.0.10/index.php/adminx/login/index.html [运行时间：0.096326s][吞吐率：10.38req/s] [内存消耗：1,403.61kb] [文件加载：49]
[ info ] [ LANG ] F:\kfadmin\_core\lang\zh-cn.php
[ info ] [ ROUTE ] array (
  'type' => 'module',
  'module' => 
  array (
    0 => 'adminx',
    1 => 'login',
    2 => 'index',
  ),
)
[ info ] [ HEADER ] array (
  'cookie' => 'PHPSESSID=acg0kgqtmdsja3ggcnfoilflp7',
  'accept-language' => 'zh-CN,zh;q=0.9',
  'accept-encoding' => 'gzip, deflate, br',
  'accept' => 'text/html,application/xhtml+xml,application/xml;q=0.9,image/webp,image/apng,*/*;q=0.8',
  'user-agent' => 'Mozilla/5.0 (Windows NT 10.0; WOW64) AppleWebKit/537.36 (KHTML, like Gecko) Chrome/65.0.3325.181 Safari/537.36',
  'upgrade-insecure-requests' => '1',
  'connection' => 'close',
  'host' => '127.0.0.10',
)
[ info ] [ PARAM ] array (
)
[ info ] [ CACHE ] INIT File
[ info ] [ RUN ] app\adminx\controller\Login->index[ F:\kfadmin\app\adminx\controller\Login.php ]
[ info ] [ SESSION ] INIT array (
  'id' => '',
  'var_session_id' => '',
  'prefix' => 'think',
  'type' => '',
  'auto_start' => true,
)
[ info ] [ VIEW ] F:\kfadmin/app/adminx\view\login\index.html [ array (
) ]
[ info ] [ LOG ] INIT File
---------------------------------------------------------------
[ 2018-04-30T08:29:57+08:00 ] 127.0.0.1 GET /index.php/adminx/login/verify.html
[ info ] 127.0.0.10/index.php/adminx/login/verify.html [运行时间：0.268328s][吞吐率：3.73req/s] [内存消耗：1,394.81kb] [文件加载：47]
[ info ] [ LANG ] F:\kfadmin\_core\lang\zh-cn.php
[ info ] [ ROUTE ] array (
  'type' => 'module',
  'module' => 
  array (
    0 => 'adminx',
    1 => 'login',
    2 => 'verify',
  ),
)
[ info ] [ HEADER ] array (
  'cookie' => 'PHPSESSID=acg0kgqtmdsja3ggcnfoilflp7',
  'accept-language' => 'zh-CN,zh;q=0.9',
  'accept-encoding' => 'gzip, deflate, br',
  'referer' => 'http://127.0.0.10/index.php/adminx/login/index.html',
  'accept' => 'image/webp,image/apng,image/*,*/*;q=0.8',
  'user-agent' => 'Mozilla/5.0 (Windows NT 10.0; WOW64) AppleWebKit/537.36 (KHTML, like Gecko) Chrome/65.0.3325.181 Safari/537.36',
  'connection' => 'close',
  'host' => '127.0.0.10',
)
[ info ] [ PARAM ] array (
)
[ info ] [ CACHE ] INIT File
[ info ] [ RUN ] app\adminx\controller\Login->verify[ F:\kfadmin\app\adminx\controller\Login.php ]
[ info ] [ SESSION ] INIT array (
  'id' => '',
  'var_session_id' => '',
  'prefix' => 'think',
  'type' => '',
  'auto_start' => true,
)
[ info ] [ LOG ] INIT File
---------------------------------------------------------------
[ 2018-04-30T08:30:00+08:00 ] 127.0.0.1 GET /index.php/adminx/login/index.html
[ info ] 127.0.0.10/index.php/adminx/login/index.html [运行时间：0.052384s][吞吐率：19.09req/s] [内存消耗：1,404.83kb] [文件加载：49]
[ info ] [ LANG ] F:\kfadmin\_core\lang\zh-cn.php
[ info ] [ ROUTE ] array (
  'type' => 'module',
  'module' => 
  array (
    0 => 'adminx',
    1 => 'login',
    2 => 'index',
  ),
)
[ info ] [ HEADER ] array (
  'cookie' => 'PHPSESSID=acg0kgqtmdsja3ggcnfoilflp7',
  'accept-language' => 'zh-CN,zh;q=0.9',
  'accept-encoding' => 'gzip, deflate, br',
  'accept' => 'text/html,application/xhtml+xml,application/xml;q=0.9,image/webp,image/apng,*/*;q=0.8',
  'user-agent' => 'Mozilla/5.0 (Windows NT 10.0; WOW64) AppleWebKit/537.36 (KHTML, like Gecko) Chrome/65.0.3325.181 Safari/537.36',
  'upgrade-insecure-requests' => '1',
  'cache-control' => 'max-age=0',
  'connection' => 'close',
  'host' => '127.0.0.10',
)
[ info ] [ PARAM ] array (
)
[ info ] [ CACHE ] INIT File
[ info ] [ RUN ] app\adminx\controller\Login->index[ F:\kfadmin\app\adminx\controller\Login.php ]
[ info ] [ SESSION ] INIT array (
  'id' => '',
  'var_session_id' => '',
  'prefix' => 'think',
  'type' => '',
  'auto_start' => true,
)
[ info ] [ VIEW ] F:\kfadmin/app/adminx\view\login\index.html [ array (
) ]
[ info ] [ LOG ] INIT File
---------------------------------------------------------------
[ 2018-04-30T08:30:00+08:00 ] 127.0.0.1 GET /index.php/adminx/login/verify.html
[ info ] 127.0.0.10/index.php/adminx/login/verify.html [运行时间：0.054326s][吞吐率：18.41req/s] [内存消耗：1,394.97kb] [文件加载：47]
[ info ] [ LANG ] F:\kfadmin\_core\lang\zh-cn.php
[ info ] [ ROUTE ] array (
  'type' => 'module',
  'module' => 
  array (
    0 => 'adminx',
    1 => 'login',
    2 => 'verify',
  ),
)
[ info ] [ HEADER ] array (
  'cookie' => 'PHPSESSID=acg0kgqtmdsja3ggcnfoilflp7',
  'accept-language' => 'zh-CN,zh;q=0.9',
  'accept-encoding' => 'gzip, deflate, br',
  'referer' => 'http://127.0.0.10/index.php/adminx/login/index.html',
  'accept' => 'image/webp,image/apng,image/*,*/*;q=0.8',
  'user-agent' => 'Mozilla/5.0 (Windows NT 10.0; WOW64) AppleWebKit/537.36 (KHTML, like Gecko) Chrome/65.0.3325.181 Safari/537.36',
  'connection' => 'close',
  'host' => '127.0.0.10',
)
[ info ] [ PARAM ] array (
)
[ info ] [ CACHE ] INIT File
[ info ] [ RUN ] app\adminx\controller\Login->verify[ F:\kfadmin\app\adminx\controller\Login.php ]
[ info ] [ SESSION ] INIT array (
  'id' => '',
  'var_session_id' => '',
  'prefix' => 'think',
  'type' => '',
  'auto_start' => true,
)
[ info ] [ LOG ] INIT File
---------------------------------------------------------------
[ 2018-04-30T08:30:52+08:00 ] 127.0.0.1 POST /index.php/adminx/login/dologin.html
[ info ] 127.0.0.10/index.php/adminx/login/dologin.html [运行时间：0.051601s][吞吐率：19.38req/s] [内存消耗：1,404.64kb] [文件加载：49]
[ info ] [ LANG ] F:\kfadmin\_core\lang\zh-cn.php
[ info ] [ ROUTE ] array (
  'type' => 'module',
  'module' => 
  array (
    0 => 'adminx',
    1 => 'login',
    2 => 'dologin',
  ),
)
[ info ] [ HEADER ] array (
  'cookie' => 'PHPSESSID=acg0kgqtmdsja3ggcnfoilflp7',
  'accept-language' => 'zh-CN,zh;q=0.9',
  'accept-encoding' => 'gzip, deflate, br',
  'referer' => 'http://127.0.0.10/index.php/adminx/login/index.html',
  'content-type' => 'application/x-www-form-urlencoded; charset=UTF-8',
  'user-agent' => 'Mozilla/5.0 (Windows NT 10.0; WOW64) AppleWebKit/537.36 (KHTML, like Gecko) Chrome/65.0.3325.181 Safari/537.36',
  'x-requested-with' => 'XMLHttpRequest',
  'origin' => 'http://127.0.0.10',
  'accept' => 'application/json, text/javascript, */*; q=0.01',
  'content-length' => '46',
  'connection' => 'close',
  'host' => '127.0.0.10',
)
[ info ] [ PARAM ] array (
  'username' => 'admin',
  'password' => 'kf01888',
  'checkcode' => '5h68',
)
[ info ] [ CACHE ] INIT File
[ info ] [ RUN ] app\adminx\controller\Login->doLogin[ F:\kfadmin\app\adminx\controller\Login.php ]
[ info ] [ SESSION ] INIT array (
  'id' => '',
  'var_session_id' => '',
  'prefix' => 'think',
  'type' => '',
  'auto_start' => true,
)
[ info ] [ LOG ] INIT File
---------------------------------------------------------------
[ 2018-04-30T08:30:52+08:00 ] 127.0.0.1 GET /index.php?s=Adminx/Login/verify&id=1525048252158
[ info ] 127.0.0.10/index.php?s=Adminx/Login/verify&id=1525048252158 [运行时间：0.050638s][吞吐率：19.75req/s] [内存消耗：1,401.52kb] [文件加载：47]
[ info ] [ LANG ] F:\kfadmin\_core\lang\zh-cn.php
[ info ] [ ROUTE ] array (
  'type' => 'module',
  'module' => 
  array (
    0 => 'Adminx',
    1 => 'Login',
    2 => 'verify',
  ),
)
[ info ] [ HEADER ] array (
  'cookie' => 'PHPSESSID=acg0kgqtmdsja3ggcnfoilflp7',
  'accept-language' => 'zh-CN,zh;q=0.9',
  'accept-encoding' => 'gzip, deflate, br',
  'referer' => 'http://127.0.0.10/index.php/adminx/login/index.html',
  'accept' => 'image/webp,image/apng,image/*,*/*;q=0.8',
  'user-agent' => 'Mozilla/5.0 (Windows NT 10.0; WOW64) AppleWebKit/537.36 (KHTML, like Gecko) Chrome/65.0.3325.181 Safari/537.36',
  'connection' => 'close',
  'host' => '127.0.0.10',
)
[ info ] [ PARAM ] array (
  'id' => '1525048252158',
)
[ info ] [ CACHE ] INIT File
[ info ] [ RUN ] app\adminx\controller\Login->verify[ F:\kfadmin\app\adminx\controller\Login.php ]
[ info ] [ SESSION ] INIT array (
  'id' => '',
  'var_session_id' => '',
  'prefix' => 'think',
  'type' => '',
  'auto_start' => true,
)
[ info ] [ LOG ] INIT File
---------------------------------------------------------------
[ 2018-04-30T08:30:56+08:00 ] 127.0.0.1 POST /index.php/adminx/login/dologin.html
[ info ] 127.0.0.10/index.php/adminx/login/dologin.html [运行时间：0.251723s][吞吐率：3.97req/s] [内存消耗：2,349.72kb] [文件加载：60]
[ info ] [ LANG ] F:\kfadmin\_core\lang\zh-cn.php
[ info ] [ ROUTE ] array (
  'type' => 'module',
  'module' => 
  array (
    0 => 'adminx',
    1 => 'login',
    2 => 'dologin',
  ),
)
[ info ] [ HEADER ] array (
  'cookie' => 'PHPSESSID=acg0kgqtmdsja3ggcnfoilflp7',
  'accept-language' => 'zh-CN,zh;q=0.9',
  'accept-encoding' => 'gzip, deflate, br',
  'referer' => 'http://127.0.0.10/index.php/adminx/login/index.html',
  'content-type' => 'application/x-www-form-urlencoded; charset=UTF-8',
  'user-agent' => 'Mozilla/5.0 (Windows NT 10.0; WOW64) AppleWebKit/537.36 (KHTML, like Gecko) Chrome/65.0.3325.181 Safari/537.36',
  'x-requested-with' => 'XMLHttpRequest',
  'origin' => 'http://127.0.0.10',
  'accept' => 'application/json, text/javascript, */*; q=0.01',
  'content-length' => '46',
  'connection' => 'close',
  'host' => '127.0.0.10',
)
[ info ] [ PARAM ] array (
  'username' => 'admin',
  'password' => 'kf01888',
  'checkcode' => 'paqb',
)
[ info ] [ CACHE ] INIT File
[ info ] [ RUN ] app\adminx\controller\Login->doLogin[ F:\kfadmin\app\adminx\controller\Login.php ]
[ info ] [ SESSION ] INIT array (
  'id' => '',
  'var_session_id' => '',
  'prefix' => 'think',
  'type' => '',
  'auto_start' => true,
)
[ info ] [ DB ] INIT mysql
[ info ] [ LOG ] INIT File
[ sql ] [ DB ] CONNECT:[ UseTime:0.027414s ] mysql:host=127.0.0.1;dbname=admin;charset=utf8
[ sql ] [ SQL ] SHOW COLUMNS FROM `pm_user` [ RunTime:0.083868s ]
[ sql ] [ SQL ] SELECT * FROM `pm_user` WHERE  `username` = 'admin'  AND `password` = '64def183c8846acf3f9e13799e627a17' LIMIT 1 [ RunTime:0.001054s ]
---------------------------------------------------------------
[ 2018-04-30T08:30:59+08:00 ] 127.0.0.1 GET /index.php/adminx/index/index.html
[ info ] 127.0.0.10/index.php/adminx/index/index.html [运行时间：0.123822s][吞吐率：8.08req/s] [内存消耗：1,773.82kb] [文件加载：54]
[ info ] [ LANG ] F:\kfadmin\_core\lang\zh-cn.php
[ info ] [ ROUTE ] array (
  'type' => 'module',
  'module' => 
  array (
    0 => 'adminx',
    1 => 'index',
    2 => 'index',
  ),
)
[ info ] [ HEADER ] array (
  'cookie' => 'PHPSESSID=acg0kgqtmdsja3ggcnfoilflp7',
  'accept-language' => 'zh-CN,zh;q=0.9',
  'accept-encoding' => 'gzip, deflate, br',
  'referer' => 'http://127.0.0.10/index.php/adminx/login/index.html',
  'accept' => 'text/html,application/xhtml+xml,application/xml;q=0.9,image/webp,image/apng,*/*;q=0.8',
  'user-agent' => 'Mozilla/5.0 (Windows NT 10.0; WOW64) AppleWebKit/537.36 (KHTML, like Gecko) Chrome/65.0.3325.181 Safari/537.36',
  'upgrade-insecure-requests' => '1',
  'connection' => 'close',
  'host' => '127.0.0.10',
)
[ info ] [ PARAM ] array (
)
[ info ] [ CACHE ] INIT File
[ info ] [ SESSION ] INIT array (
  'id' => '',
  'var_session_id' => '',
  'prefix' => 'think',
  'type' => '',
  'auto_start' => true,
)
[ info ] [ RUN ] app\adminx\controller\Index->index[ F:\kfadmin\app\adminx\controller\Index.php ]
[ info ] [ VIEW ] F:\kfadmin/app/adminx\view\index\index.html [ array (
  0 => 'admin',
) ]
[ info ] [ LOG ] INIT File
---------------------------------------------------------------
[ 2018-04-30T08:30:59+08:00 ] 127.0.0.1 GET /index.php/adminx/index/main.html
[ info ] 127.0.0.10/index.php/adminx/index/main.html [运行时间：0.093905s][吞吐率：10.65req/s] [内存消耗：1,717.01kb] [文件加载：53]
[ info ] [ LANG ] F:\kfadmin\_core\lang\zh-cn.php
[ info ] [ ROUTE ] array (
  'type' => 'module',
  'module' => 
  array (
    0 => 'adminx',
    1 => 'index',
    2 => 'main',
  ),
)
[ info ] [ HEADER ] array (
  'cookie' => 'PHPSESSID=acg0kgqtmdsja3ggcnfoilflp7',
  'accept-language' => 'zh-CN,zh;q=0.9',
  'accept-encoding' => 'gzip, deflate, br',
  'referer' => 'http://127.0.0.10/index.php/adminx/index/index.html',
  'accept' => 'text/html,application/xhtml+xml,application/xml;q=0.9,image/webp,image/apng,*/*;q=0.8',
  'user-agent' => 'Mozilla/5.0 (Windows NT 10.0; WOW64) AppleWebKit/537.36 (KHTML, like Gecko) Chrome/65.0.3325.181 Safari/537.36',
  'upgrade-insecure-requests' => '1',
  'connection' => 'close',
  'host' => '127.0.0.10',
)
[ info ] [ PARAM ] array (
)
[ info ] [ CACHE ] INIT File
[ info ] [ SESSION ] INIT array (
  'id' => '',
  'var_session_id' => '',
  'prefix' => 'think',
  'type' => '',
  'auto_start' => true,
)
[ info ] [ RUN ] app\adminx\controller\Index->main[ F:\kfadmin\app\adminx\controller\Index.php ]
[ info ] [ VIEW ] F:\kfadmin/app/adminx\view\index\main.html [ array (
  0 => 'admin',
  1 => 'info',
) ]
[ info ] [ LOG ] INIT File
---------------------------------------------------------------
[ 2018-04-30T08:31:00+08:00 ] 127.0.0.1 POST /index.php/Adminx/Index/menu
[ info ] 127.0.0.10/index.php/Adminx/Index/menu [运行时间：0.169359s][吞吐率：5.90req/s] [内存消耗：2,317.30kb] [文件加载：57]
[ info ] [ LANG ] F:\kfadmin\_core\lang\zh-cn.php
[ info ] [ ROUTE ] array (
  'type' => 'module',
  'module' => 
  array (
    0 => 'Adminx',
    1 => 'Index',
    2 => 'menu',
  ),
)
[ info ] [ HEADER ] array (
  'cookie' => 'PHPSESSID=acg0kgqtmdsja3ggcnfoilflp7',
  'accept-language' => 'zh-CN,zh;q=0.9',
  'accept-encoding' => 'gzip, deflate, br',
  'referer' => 'http://127.0.0.10/index.php/adminx/index/index.html',
  'user-agent' => 'Mozilla/5.0 (Windows NT 10.0; WOW64) AppleWebKit/537.36 (KHTML, like Gecko) Chrome/65.0.3325.181 Safari/537.36',
  'x-requested-with' => 'XMLHttpRequest',
  'origin' => 'http://127.0.0.10',
  'accept' => 'application/json, text/javascript, */*; q=0.01',
  'content-length' => '0',
  'connection' => 'close',
  'host' => '127.0.0.10',
)
[ info ] [ PARAM ] array (
)
[ info ] [ CACHE ] INIT File
[ info ] [ SESSION ] INIT array (
  'id' => '',
  'var_session_id' => '',
  'prefix' => 'think',
  'type' => '',
  'auto_start' => true,
)
[ info ] [ RUN ] app\adminx\controller\Index->menu[ F:\kfadmin\app\adminx\controller\Index.php ]
[ info ] [ DB ] INIT mysql
[ info ] [ LOG ] INIT File
[ sql ] [ DB ] CONNECT:[ UseTime:0.001112s ] mysql:host=127.0.0.1;dbname=admin;charset=utf8
[ sql ] [ SQL ] SHOW COLUMNS FROM `pm_node` [ RunTime:0.055519s ]
[ sql ] [ SQL ] SELECT id as menuId,title as menuName,icon as menuIcon,pid as parentMenuId,`level`,`name` FROM `pm_node` WHERE  `status` = 1  AND `display` = 1  AND `level` = 2  AND `data` = '后台应用' ORDER BY `sort` ASC,`id` ASC [ RunTime:0.033397s ]
[ sql ] [ SQL ] SELECT id as menuId,title as menuName,icon as menuIcon,pid as parentMenuId,`level`,`name` FROM `pm_node` WHERE  `status` = 1  AND `display` = 1  AND `level` = 2  AND `data` = '内容管理' ORDER BY `sort` ASC,`id` ASC [ RunTime:0.000637s ]
[ sql ] [ SQL ] SELECT id as menuId,title as menuName,icon as menuIcon,pid as parentMenuId,`level`,`name` FROM `pm_node` WHERE  `status` = 1  AND `display` = 1  AND `level` = 2  AND `data` = '会员管理' ORDER BY `sort` ASC,`id` ASC [ RunTime:0.001614s ]
[ sql ] [ SQL ] SELECT id as menuId,title as menuName,icon as menuIcon,pid as parentMenuId,`level`,`name` FROM `pm_node` WHERE  `status` = 1  AND `display` = 1  AND `level` = 2  AND `data` = '信息管理' ORDER BY `sort` ASC,`id` ASC [ RunTime:0.000829s ]
[ sql ] [ SQL ] SELECT id as menuId,title as menuName,icon as menuIcon,pid as parentMenuId,`level`,`name` FROM `pm_node` WHERE  `status` = 1  AND `display` = 1  AND `level` = 2  AND `data` = '中澳拼邮' ORDER BY `sort` ASC,`id` ASC [ RunTime:0.000589s ]
[ sql ] [ SQL ] SELECT id as menuId,title as menuName,icon as menuIcon,pid as parentMenuId,`level`,`name` FROM `pm_node` WHERE  `status` = 1  AND `display` = 1  AND `level` = 2  AND `data` = '财务管理' ORDER BY `sort` ASC,`id` ASC [ RunTime:0.000611s ]
[ sql ] [ SQL ] SELECT id as menuId,title as menuName,icon as menuIcon,pid as parentMenuId,`level`,`name` FROM `pm_node` WHERE  `status` = 1  AND `display` = 1  AND `level` = 2  AND `data` = '管理员设置' ORDER BY `sort` ASC,`id` ASC [ RunTime:0.000572s ]
[ sql ] [ SQL ] SELECT id as menuId,title as menuName,icon as menuIcon,pid as parentMenuId,`level`,`name` FROM `pm_node` WHERE  `status` = 1  AND `display` = 1  AND `level` = 2  AND `data` = '数据备份还原' ORDER BY `sort` ASC,`id` ASC [ RunTime:0.000726s ]
[ sql ] [ SQL ] SELECT id as menuId,title as menuName,icon as menuIcon,pid as parentMenuId,`level`,`name` FROM `pm_node` WHERE  `status` = 1  AND `display` = 1  AND `level` = 2  AND `data` = '系统设置' ORDER BY `sort` ASC,`id` ASC [ RunTime:0.000975s ]
---------------------------------------------------------------
[ 2018-04-30T08:31:03+08:00 ] 127.0.0.1 GET /index.php/adminx/index/index.html
[ info ] 127.0.0.10/index.php/adminx/index/index.html [运行时间：0.047692s][吞吐率：20.97req/s] [内存消耗：1,648.65kb] [文件加载：52]
[ info ] [ LANG ] F:\kfadmin\_core\lang\zh-cn.php
[ info ] [ ROUTE ] array (
  'type' => 'module',
  'module' => 
  array (
    0 => 'adminx',
    1 => 'index',
    2 => 'index',
  ),
)
[ info ] [ HEADER ] array (
  'cookie' => 'PHPSESSID=acg0kgqtmdsja3ggcnfoilflp7',
  'accept-language' => 'zh-CN,zh;q=0.9',
  'accept-encoding' => 'gzip, deflate, br',
  'referer' => 'http://127.0.0.10/index.php/adminx/login/index.html',
  'accept' => 'text/html,application/xhtml+xml,application/xml;q=0.9,image/webp,image/apng,*/*;q=0.8',
  'user-agent' => 'Mozilla/5.0 (Windows NT 10.0; WOW64) AppleWebKit/537.36 (KHTML, like Gecko) Chrome/65.0.3325.181 Safari/537.36',
  'upgrade-insecure-requests' => '1',
  'cache-control' => 'max-age=0',
  'connection' => 'close',
  'host' => '127.0.0.10',
)
[ info ] [ PARAM ] array (
)
[ info ] [ CACHE ] INIT File
[ info ] [ SESSION ] INIT array (
  'id' => '',
  'var_session_id' => '',
  'prefix' => 'think',
  'type' => '',
  'auto_start' => true,
)
[ info ] [ RUN ] app\adminx\controller\Index->index[ F:\kfadmin\app\adminx\controller\Index.php ]
[ info ] [ VIEW ] F:\kfadmin/app/adminx\view\index\index.html [ array (
  0 => 'admin',
) ]
[ info ] [ LOG ] INIT File
---------------------------------------------------------------
[ 2018-04-30T08:31:03+08:00 ] 127.0.0.1 GET /index.php/adminx/index/main.html
[ info ] 127.0.0.10/index.php/adminx/index/main.html [运行时间：0.072510s][吞吐率：13.79req/s] [内存消耗：1,601.58kb] [文件加载：51]
[ info ] [ LANG ] F:\kfadmin\_core\lang\zh-cn.php
[ info ] [ ROUTE ] array (
  'type' => 'module',
  'module' => 
  array (
    0 => 'adminx',
    1 => 'index',
    2 => 'main',
  ),
)
[ info ] [ HEADER ] array (
  'cookie' => 'PHPSESSID=acg0kgqtmdsja3ggcnfoilflp7',
  'accept-language' => 'zh-CN,zh;q=0.9',
  'accept-encoding' => 'gzip, deflate, br',
  'referer' => 'http://127.0.0.10/index.php/adminx/index/index.html',
  'accept' => 'text/html,application/xhtml+xml,application/xml;q=0.9,image/webp,image/apng,*/*;q=0.8',
  'user-agent' => 'Mozilla/5.0 (Windows NT 10.0; WOW64) AppleWebKit/537.36 (KHTML, like Gecko) Chrome/65.0.3325.181 Safari/537.36',
  'upgrade-insecure-requests' => '1',
  'connection' => 'close',
  'host' => '127.0.0.10',
)
[ info ] [ PARAM ] array (
)
[ info ] [ CACHE ] INIT File
[ info ] [ SESSION ] INIT array (
  'id' => '',
  'var_session_id' => '',
  'prefix' => 'think',
  'type' => '',
  'auto_start' => true,
)
[ info ] [ RUN ] app\adminx\controller\Index->main[ F:\kfadmin\app\adminx\controller\Index.php ]
[ info ] [ VIEW ] F:\kfadmin/app/adminx\view\index\main.html [ array (
  0 => 'admin',
  1 => 'info',
) ]
[ info ] [ LOG ] INIT File
---------------------------------------------------------------
[ 2018-04-30T08:31:03+08:00 ] 127.0.0.1 POST /index.php/Adminx/Index/menu
[ info ] 127.0.0.10/index.php/Adminx/Index/menu [运行时间：0.081220s][吞吐率：12.31req/s] [内存消耗：2,317.30kb] [文件加载：57]
[ info ] [ LANG ] F:\kfadmin\_core\lang\zh-cn.php
[ info ] [ ROUTE ] array (
  'type' => 'module',
  'module' => 
  array (
    0 => 'Adminx',
    1 => 'Index',
    2 => 'menu',
  ),
)
[ info ] [ HEADER ] array (
  'cookie' => 'PHPSESSID=acg0kgqtmdsja3ggcnfoilflp7',
  'accept-language' => 'zh-CN,zh;q=0.9',
  'accept-encoding' => 'gzip, deflate, br',
  'referer' => 'http://127.0.0.10/index.php/adminx/index/index.html',
  'user-agent' => 'Mozilla/5.0 (Windows NT 10.0; WOW64) AppleWebKit/537.36 (KHTML, like Gecko) Chrome/65.0.3325.181 Safari/537.36',
  'x-requested-with' => 'XMLHttpRequest',
  'origin' => 'http://127.0.0.10',
  'accept' => 'application/json, text/javascript, */*; q=0.01',
  'content-length' => '0',
  'connection' => 'close',
  'host' => '127.0.0.10',
)
[ info ] [ PARAM ] array (
)
[ info ] [ CACHE ] INIT File
[ info ] [ SESSION ] INIT array (
  'id' => '',
  'var_session_id' => '',
  'prefix' => 'think',
  'type' => '',
  'auto_start' => true,
)
[ info ] [ RUN ] app\adminx\controller\Index->menu[ F:\kfadmin\app\adminx\controller\Index.php ]
[ info ] [ DB ] INIT mysql
[ info ] [ LOG ] INIT File
[ sql ] [ DB ] CONNECT:[ UseTime:0.001361s ] mysql:host=127.0.0.1;dbname=admin;charset=utf8
[ sql ] [ SQL ] SHOW COLUMNS FROM `pm_node` [ RunTime:0.010888s ]
[ sql ] [ SQL ] SELECT id as menuId,title as menuName,icon as menuIcon,pid as parentMenuId,`level`,`name` FROM `pm_node` WHERE  `status` = 1  AND `display` = 1  AND `level` = 2  AND `data` = '后台应用' ORDER BY `sort` ASC,`id` ASC [ RunTime:0.000906s ]
[ sql ] [ SQL ] SELECT id as menuId,title as menuName,icon as menuIcon,pid as parentMenuId,`level`,`name` FROM `pm_node` WHERE  `status` = 1  AND `display` = 1  AND `level` = 2  AND `data` = '内容管理' ORDER BY `sort` ASC,`id` ASC [ RunTime:0.001758s ]
[ sql ] [ SQL ] SELECT id as menuId,title as menuName,icon as menuIcon,pid as parentMenuId,`level`,`name` FROM `pm_node` WHERE  `status` = 1  AND `display` = 1  AND `level` = 2  AND `data` = '会员管理' ORDER BY `sort` ASC,`id` ASC [ RunTime:0.001043s ]
[ sql ] [ SQL ] SELECT id as menuId,title as menuName,icon as menuIcon,pid as parentMenuId,`level`,`name` FROM `pm_node` WHERE  `status` = 1  AND `display` = 1  AND `level` = 2  AND `data` = '信息管理' ORDER BY `sort` ASC,`id` ASC [ RunTime:0.001041s ]
[ sql ] [ SQL ] SELECT id as menuId,title as menuName,icon as menuIcon,pid as parentMenuId,`level`,`name` FROM `pm_node` WHERE  `status` = 1  AND `display` = 1  AND `level` = 2  AND `data` = '中澳拼邮' ORDER BY `sort` ASC,`id` ASC [ RunTime:0.000795s ]
[ sql ] [ SQL ] SELECT id as menuId,title as menuName,icon as menuIcon,pid as parentMenuId,`level`,`name` FROM `pm_node` WHERE  `status` = 1  AND `display` = 1  AND `level` = 2  AND `data` = '财务管理' ORDER BY `sort` ASC,`id` ASC [ RunTime:0.000668s ]
[ sql ] [ SQL ] SELECT id as menuId,title as menuName,icon as menuIcon,pid as parentMenuId,`level`,`name` FROM `pm_node` WHERE  `status` = 1  AND `display` = 1  AND `level` = 2  AND `data` = '管理员设置' ORDER BY `sort` ASC,`id` ASC [ RunTime:0.000722s ]
[ sql ] [ SQL ] SELECT id as menuId,title as menuName,icon as menuIcon,pid as parentMenuId,`level`,`name` FROM `pm_node` WHERE  `status` = 1  AND `display` = 1  AND `level` = 2  AND `data` = '数据备份还原' ORDER BY `sort` ASC,`id` ASC [ RunTime:0.000775s ]
[ sql ] [ SQL ] SELECT id as menuId,title as menuName,icon as menuIcon,pid as parentMenuId,`level`,`name` FROM `pm_node` WHERE  `status` = 1  AND `display` = 1  AND `level` = 2  AND `data` = '系统设置' ORDER BY `sort` ASC,`id` ASC [ RunTime:0.000736s ]
---------------------------------------------------------------
[ 2018-04-30T08:31:32+08:00 ] 127.0.0.1 GET /index.php/adminx/index/index.html
[ info ] 127.0.0.10/index.php/adminx/index/index.html [运行时间：0.039413s][吞吐率：25.37req/s] [内存消耗：1,648.65kb] [文件加载：52]
[ info ] [ LANG ] F:\kfadmin\_core\lang\zh-cn.php
[ info ] [ ROUTE ] array (
  'type' => 'module',
  'module' => 
  array (
    0 => 'adminx',
    1 => 'index',
    2 => 'index',
  ),
)
[ info ] [ HEADER ] array (
  'cookie' => 'PHPSESSID=acg0kgqtmdsja3ggcnfoilflp7',
  'accept-language' => 'zh-CN,zh;q=0.9',
  'accept-encoding' => 'gzip, deflate, br',
  'referer' => 'http://127.0.0.10/index.php/adminx/login/index.html',
  'accept' => 'text/html,application/xhtml+xml,application/xml;q=0.9,image/webp,image/apng,*/*;q=0.8',
  'user-agent' => 'Mozilla/5.0 (Windows NT 10.0; WOW64) AppleWebKit/537.36 (KHTML, like Gecko) Chrome/65.0.3325.181 Safari/537.36',
  'upgrade-insecure-requests' => '1',
  'cache-control' => 'max-age=0',
  'connection' => 'close',
  'host' => '127.0.0.10',
)
[ info ] [ PARAM ] array (
)
[ info ] [ CACHE ] INIT File
[ info ] [ SESSION ] INIT array (
  'id' => '',
  'var_session_id' => '',
  'prefix' => 'think',
  'type' => '',
  'auto_start' => true,
)
[ info ] [ RUN ] app\adminx\controller\Index->index[ F:\kfadmin\app\adminx\controller\Index.php ]
[ info ] [ VIEW ] F:\kfadmin/app/adminx\view\index\index.html [ array (
  0 => 'admin',
) ]
[ info ] [ LOG ] INIT File
---------------------------------------------------------------
[ 2018-04-30T08:31:33+08:00 ] 127.0.0.1 GET /index.php/adminx/index/main.html
[ info ] 127.0.0.10/index.php/adminx/index/main.html [运行时间：0.062016s][吞吐率：16.12req/s] [内存消耗：1,601.58kb] [文件加载：51]
[ info ] [ LANG ] F:\kfadmin\_core\lang\zh-cn.php
[ info ] [ ROUTE ] array (
  'type' => 'module',
  'module' => 
  array (
    0 => 'adminx',
    1 => 'index',
    2 => 'main',
  ),
)
[ info ] [ HEADER ] array (
  'cookie' => 'PHPSESSID=acg0kgqtmdsja3ggcnfoilflp7',
  'accept-language' => 'zh-CN,zh;q=0.9',
  'accept-encoding' => 'gzip, deflate, br',
  'referer' => 'http://127.0.0.10/index.php/adminx/index/index.html',
  'accept' => 'text/html,application/xhtml+xml,application/xml;q=0.9,image/webp,image/apng,*/*;q=0.8',
  'user-agent' => 'Mozilla/5.0 (Windows NT 10.0; WOW64) AppleWebKit/537.36 (KHTML, like Gecko) Chrome/65.0.3325.181 Safari/537.36',
  'upgrade-insecure-requests' => '1',
  'connection' => 'close',
  'host' => '127.0.0.10',
)
[ info ] [ PARAM ] array (
)
[ info ] [ CACHE ] INIT File
[ info ] [ SESSION ] INIT array (
  'id' => '',
  'var_session_id' => '',
  'prefix' => 'think',
  'type' => '',
  'auto_start' => true,
)
[ info ] [ RUN ] app\adminx\controller\Index->main[ F:\kfadmin\app\adminx\controller\Index.php ]
[ info ] [ VIEW ] F:\kfadmin/app/adminx\view\index\main.html [ array (
  0 => 'admin',
  1 => 'info',
) ]
[ info ] [ LOG ] INIT File
---------------------------------------------------------------
[ 2018-04-30T08:31:33+08:00 ] 127.0.0.1 POST /index.php/Adminx/Index/menu
[ info ] 127.0.0.10/index.php/Adminx/Index/menu [运行时间：0.074066s][吞吐率：13.50req/s] [内存消耗：2,317.30kb] [文件加载：57]
[ info ] [ LANG ] F:\kfadmin\_core\lang\zh-cn.php
[ info ] [ ROUTE ] array (
  'type' => 'module',
  'module' => 
  array (
    0 => 'Adminx',
    1 => 'Index',
    2 => 'menu',
  ),
)
[ info ] [ HEADER ] array (
  'cookie' => 'PHPSESSID=acg0kgqtmdsja3ggcnfoilflp7',
  'accept-language' => 'zh-CN,zh;q=0.9',
  'accept-encoding' => 'gzip, deflate, br',
  'referer' => 'http://127.0.0.10/index.php/adminx/index/index.html',
  'user-agent' => 'Mozilla/5.0 (Windows NT 10.0; WOW64) AppleWebKit/537.36 (KHTML, like Gecko) Chrome/65.0.3325.181 Safari/537.36',
  'x-requested-with' => 'XMLHttpRequest',
  'origin' => 'http://127.0.0.10',
  'accept' => 'application/json, text/javascript, */*; q=0.01',
  'content-length' => '0',
  'connection' => 'close',
  'host' => '127.0.0.10',
)
[ info ] [ PARAM ] array (
)
[ info ] [ CACHE ] INIT File
[ info ] [ SESSION ] INIT array (
  'id' => '',
  'var_session_id' => '',
  'prefix' => 'think',
  'type' => '',
  'auto_start' => true,
)
[ info ] [ RUN ] app\adminx\controller\Index->menu[ F:\kfadmin\app\adminx\controller\Index.php ]
[ info ] [ DB ] INIT mysql
[ info ] [ LOG ] INIT File
[ sql ] [ DB ] CONNECT:[ UseTime:0.001233s ] mysql:host=127.0.0.1;dbname=admin;charset=utf8
[ sql ] [ SQL ] SHOW COLUMNS FROM `pm_node` [ RunTime:0.011039s ]
[ sql ] [ SQL ] SELECT id as menuId,title as menuName,icon as menuIcon,pid as parentMenuId,`level`,`name` FROM `pm_node` WHERE  `status` = 1  AND `display` = 1  AND `level` = 2  AND `data` = '后台应用' ORDER BY `sort` ASC,`id` ASC [ RunTime:0.000688s ]
[ sql ] [ SQL ] SELECT id as menuId,title as menuName,icon as menuIcon,pid as parentMenuId,`level`,`name` FROM `pm_node` WHERE  `status` = 1  AND `display` = 1  AND `level` = 2  AND `data` = '内容管理' ORDER BY `sort` ASC,`id` ASC [ RunTime:0.000612s ]
[ sql ] [ SQL ] SELECT id as menuId,title as menuName,icon as menuIcon,pid as parentMenuId,`level`,`name` FROM `pm_node` WHERE  `status` = 1  AND `display` = 1  AND `level` = 2  AND `data` = '会员管理' ORDER BY `sort` ASC,`id` ASC [ RunTime:0.000642s ]
[ sql ] [ SQL ] SELECT id as menuId,title as menuName,icon as menuIcon,pid as parentMenuId,`level`,`name` FROM `pm_node` WHERE  `status` = 1  AND `display` = 1  AND `level` = 2  AND `data` = '信息管理' ORDER BY `sort` ASC,`id` ASC [ RunTime:0.000556s ]
[ sql ] [ SQL ] SELECT id as menuId,title as menuName,icon as menuIcon,pid as parentMenuId,`level`,`name` FROM `pm_node` WHERE  `status` = 1  AND `display` = 1  AND `level` = 2  AND `data` = '中澳拼邮' ORDER BY `sort` ASC,`id` ASC [ RunTime:0.000570s ]
[ sql ] [ SQL ] SELECT id as menuId,title as menuName,icon as menuIcon,pid as parentMenuId,`level`,`name` FROM `pm_node` WHERE  `status` = 1  AND `display` = 1  AND `level` = 2  AND `data` = '财务管理' ORDER BY `sort` ASC,`id` ASC [ RunTime:0.000539s ]
[ sql ] [ SQL ] SELECT id as menuId,title as menuName,icon as menuIcon,pid as parentMenuId,`level`,`name` FROM `pm_node` WHERE  `status` = 1  AND `display` = 1  AND `level` = 2  AND `data` = '管理员设置' ORDER BY `sort` ASC,`id` ASC [ RunTime:0.000572s ]
[ sql ] [ SQL ] SELECT id as menuId,title as menuName,icon as menuIcon,pid as parentMenuId,`level`,`name` FROM `pm_node` WHERE  `status` = 1  AND `display` = 1  AND `level` = 2  AND `data` = '数据备份还原' ORDER BY `sort` ASC,`id` ASC [ RunTime:0.000594s ]
[ sql ] [ SQL ] SELECT id as menuId,title as menuName,icon as menuIcon,pid as parentMenuId,`level`,`name` FROM `pm_node` WHERE  `status` = 1  AND `display` = 1  AND `level` = 2  AND `data` = '系统设置' ORDER BY `sort` ASC,`id` ASC [ RunTime:0.000595s ]
---------------------------------------------------------------
[ 2018-04-30T08:31:36+08:00 ] 127.0.0.1 GET /index.php/adminx/one/index.html
[ info ] 127.0.0.10/index.php/adminx/one/index.html [运行时间：0.150535s][吞吐率：6.64req/s] [内存消耗：1,120.58kb] [文件加载：39]
[ info ] [ LANG ] F:\kfadmin\_core\lang\zh-cn.php
[ info ] [ ROUTE ] array (
  'type' => 'module',
  'module' => 
  array (
    0 => 'adminx',
    1 => 'one',
    2 => 'index',
  ),
)
[ info ] [ HEADER ] array (
  'cookie' => 'PHPSESSID=acg0kgqtmdsja3ggcnfoilflp7',
  'accept-language' => 'zh-CN,zh;q=0.9',
  'accept-encoding' => 'gzip, deflate, br',
  'referer' => 'http://127.0.0.10/index.php/adminx/index/index.html',
  'accept' => 'text/html,application/xhtml+xml,application/xml;q=0.9,image/webp,image/apng,*/*;q=0.8',
  'user-agent' => 'Mozilla/5.0 (Windows NT 10.0; WOW64) AppleWebKit/537.36 (KHTML, like Gecko) Chrome/65.0.3325.181 Safari/537.36',
  'upgrade-insecure-requests' => '1',
  'connection' => 'close',
  'host' => '127.0.0.10',
)
[ info ] [ PARAM ] array (
)
[ info ] [ LOG ] INIT File
---------------------------------------------------------------
[ 2018-04-30T08:31:38+08:00 ] 127.0.0.1 GET /index.php/adminx/category/index.html
[ info ] 127.0.0.10/index.php/adminx/category/index.html [运行时间：0.030660s][吞吐率：32.62req/s] [内存消耗：1,120.61kb] [文件加载：39]
[ info ] [ LANG ] F:\kfadmin\_core\lang\zh-cn.php
[ info ] [ ROUTE ] array (
  'type' => 'module',
  'module' => 
  array (
    0 => 'adminx',
    1 => 'category',
    2 => 'index',
  ),
)
[ info ] [ HEADER ] array (
  'cookie' => 'PHPSESSID=acg0kgqtmdsja3ggcnfoilflp7',
  'accept-language' => 'zh-CN,zh;q=0.9',
  'accept-encoding' => 'gzip, deflate, br',
  'referer' => 'http://127.0.0.10/index.php/adminx/index/index.html',
  'accept' => 'text/html,application/xhtml+xml,application/xml;q=0.9,image/webp,image/apng,*/*;q=0.8',
  'user-agent' => 'Mozilla/5.0 (Windows NT 10.0; WOW64) AppleWebKit/537.36 (KHTML, like Gecko) Chrome/65.0.3325.181 Safari/537.36',
  'upgrade-insecure-requests' => '1',
  'connection' => 'close',
  'host' => '127.0.0.10',
)
[ info ] [ PARAM ] array (
)
[ info ] [ LOG ] INIT File
---------------------------------------------------------------
[ 2018-04-30T08:33:38+08:00 ] 127.0.0.1 GET /index.php/adminx/category/index.html
[ info ] 127.0.0.10/index.php/adminx/category/index.html [运行时间：0.031014s][吞吐率：32.24req/s] [内存消耗：1,120.72kb] [文件加载：40]
[ info ] [ LANG ] F:\kfadmin\_core\lang\zh-cn.php
[ info ] [ ROUTE ] array (
  'type' => 'module',
  'module' => 
  array (
    0 => 'adminx',
    1 => 'category',
    2 => 'index',
  ),
)
[ info ] [ HEADER ] array (
  'cookie' => 'PHPSESSID=acg0kgqtmdsja3ggcnfoilflp7',
  'accept-language' => 'zh-CN,zh;q=0.9',
  'accept-encoding' => 'gzip, deflate, br',
  'referer' => 'http://127.0.0.10/index.php/adminx/index/index.html',
  'accept' => 'text/html,application/xhtml+xml,application/xml;q=0.9,image/webp,image/apng,*/*;q=0.8',
  'user-agent' => 'Mozilla/5.0 (Windows NT 10.0; WOW64) AppleWebKit/537.36 (KHTML, like Gecko) Chrome/65.0.3325.181 Safari/537.36',
  'upgrade-insecure-requests' => '1',
  'cache-control' => 'max-age=0',
  'connection' => 'close',
  'host' => '127.0.0.10',
)
[ info ] [ PARAM ] array (
)
[ info ] [ LOG ] INIT File
---------------------------------------------------------------
[ 2018-04-30T08:34:10+08:00 ] 127.0.0.1 GET /index.php/adminx/category/index.html
[ info ] 127.0.0.10/index.php/adminx/category/index.html [运行时间：0.077223s][吞吐率：12.95req/s] [内存消耗：1,619.41kb] [文件加载：53]
[ info ] [ LANG ] F:\kfadmin\_core\lang\zh-cn.php
[ info ] [ ROUTE ] array (
  'type' => 'module',
  'module' => 
  array (
    0 => 'adminx',
    1 => 'category',
    2 => 'index',
  ),
)
[ info ] [ HEADER ] array (
  'cookie' => 'PHPSESSID=acg0kgqtmdsja3ggcnfoilflp7',
  'accept-language' => 'zh-CN,zh;q=0.9',
  'accept-encoding' => 'gzip, deflate, br',
  'referer' => 'http://127.0.0.10/index.php/adminx/index/index.html',
  'accept' => 'text/html,application/xhtml+xml,application/xml;q=0.9,image/webp,image/apng,*/*;q=0.8',
  'user-agent' => 'Mozilla/5.0 (Windows NT 10.0; WOW64) AppleWebKit/537.36 (KHTML, like Gecko) Chrome/65.0.3325.181 Safari/537.36',
  'upgrade-insecure-requests' => '1',
  'cache-control' => 'max-age=0',
  'connection' => 'close',
  'host' => '127.0.0.10',
)
[ info ] [ PARAM ] array (
)
[ info ] [ CACHE ] INIT File
[ info ] [ SESSION ] INIT array (
  'id' => '',
  'var_session_id' => '',
  'prefix' => 'think',
  'type' => '',
  'auto_start' => true,
)
[ info ] [ RUN ] app\adminx\controller\Category->index[ F:\kfadmin\app\adminx\controller\Category.php ]
[ info ] [ LOG ] INIT File
[ error ] [0]模板文件不存在:F:\kfadmin/app/adminx\view\category\index.html[F:\kfadmin\_core\library\think\view\driver\Think.php:82]
---------------------------------------------------------------
[ 2018-04-30T08:38:06+08:00 ] 127.0.0.1 GET /index.php/adminx/category/index.html
[ info ] 127.0.0.10/index.php/adminx/category/index.html [运行时间：0.080312s][吞吐率：12.45req/s] [内存消耗：1,747.58kb] [文件加载：56]
[ info ] [ LANG ] F:\kfadmin\_core\lang\zh-cn.php
[ info ] [ ROUTE ] array (
  'type' => 'module',
  'module' => 
  array (
    0 => 'adminx',
    1 => 'category',
    2 => 'index',
  ),
)
[ info ] [ HEADER ] array (
  'cookie' => 'PHPSESSID=acg0kgqtmdsja3ggcnfoilflp7',
  'accept-language' => 'zh-CN,zh;q=0.9',
  'accept-encoding' => 'gzip, deflate, br',
  'referer' => 'http://127.0.0.10/index.php/adminx/index/index.html',
  'accept' => 'text/html,application/xhtml+xml,application/xml;q=0.9,image/webp,image/apng,*/*;q=0.8',
  'user-agent' => 'Mozilla/5.0 (Windows NT 10.0; WOW64) AppleWebKit/537.36 (KHTML, like Gecko) Chrome/65.0.3325.181 Safari/537.36',
  'upgrade-insecure-requests' => '1',
  'cache-control' => 'max-age=0',
  'connection' => 'close',
  'host' => '127.0.0.10',
)
[ info ] [ PARAM ] array (
)
[ info ] [ CACHE ] INIT File
[ info ] [ SESSION ] INIT array (
  'id' => '',
  'var_session_id' => '',
  'prefix' => 'think',
  'type' => '',
  'auto_start' => true,
)
[ info ] [ RUN ] app\adminx\controller\Category->index[ F:\kfadmin\app\adminx\controller\Category.php ]
[ info ] [ VIEW ] F:\kfadmin/app/adminx\view\category\index.html [ array (
  0 => 'admin',
) ]
[ info ] [ LOG ] INIT File
[ error ] [0]致命错误: Call to undefined function C()[F:\kfadmin\runtime\temp\433729c6daf764317853f2d6aeb477f8.php:38]
---------------------------------------------------------------
[ 2018-04-30T08:39:54+08:00 ] 127.0.0.1 GET /index.php/adminx/category/index.html
[ info ] 127.0.0.10/index.php/adminx/category/index.html [运行时间：0.043568s][吞吐率：22.95req/s] [内存消耗：1,750.72kb] [文件加载：56]
[ info ] [ LANG ] F:\kfadmin\_core\lang\zh-cn.php
[ info ] [ ROUTE ] array (
  'type' => 'module',
  'module' => 
  array (
    0 => 'adminx',
    1 => 'category',
    2 => 'index',
  ),
)
[ info ] [ HEADER ] array (
  'cookie' => 'PHPSESSID=acg0kgqtmdsja3ggcnfoilflp7',
  'accept-language' => 'zh-CN,zh;q=0.9',
  'accept-encoding' => 'gzip, deflate, br',
  'referer' => 'http://127.0.0.10/index.php/adminx/index/index.html',
  'accept' => 'text/html,application/xhtml+xml,application/xml;q=0.9,image/webp,image/apng,*/*;q=0.8',
  'user-agent' => 'Mozilla/5.0 (Windows NT 10.0; WOW64) AppleWebKit/537.36 (KHTML, like Gecko) Chrome/65.0.3325.181 Safari/537.36',
  'upgrade-insecure-requests' => '1',
  'cache-control' => 'max-age=0',
  'connection' => 'close',
  'host' => '127.0.0.10',
)
[ info ] [ PARAM ] array (
)
[ info ] [ CACHE ] INIT File
[ info ] [ SESSION ] INIT array (
  'id' => '',
  'var_session_id' => '',
  'prefix' => 'think',
  'type' => '',
  'auto_start' => true,
)
[ info ] [ RUN ] app\adminx\controller\Category->index[ F:\kfadmin\app\adminx\controller\Category.php ]
[ info ] [ VIEW ] F:\kfadmin/app/adminx\view\category\index.html [ array (
  0 => 'admin',
) ]
[ info ] [ LOG ] INIT File
[ error ] [0]致命错误: Call to undefined function U()[F:\kfadmin\runtime\temp\433729c6daf764317853f2d6aeb477f8.php:41]
---------------------------------------------------------------
[ 2018-04-30T08:40:32+08:00 ] 127.0.0.1 GET /index.php/adminx/category/index.html
[ info ] 127.0.0.10/index.php/adminx/category/index.html [运行时间：0.070959s][吞吐率：14.09req/s] [内存消耗：1,752.27kb] [文件加载：57]
[ info ] [ LANG ] F:\kfadmin\_core\lang\zh-cn.php
[ info ] [ ROUTE ] array (
  'type' => 'module',
  'module' => 
  array (
    0 => 'adminx',
    1 => 'category',
    2 => 'index',
  ),
)
[ info ] [ HEADER ] array (
  'cookie' => 'PHPSESSID=acg0kgqtmdsja3ggcnfoilflp7',
  'accept-language' => 'zh-CN,zh;q=0.9',
  'accept-encoding' => 'gzip, deflate, br',
  'referer' => 'http://127.0.0.10/index.php/adminx/index/index.html',
  'accept' => 'text/html,application/xhtml+xml,application/xml;q=0.9,image/webp,image/apng,*/*;q=0.8',
  'user-agent' => 'Mozilla/5.0 (Windows NT 10.0; WOW64) AppleWebKit/537.36 (KHTML, like Gecko) Chrome/65.0.3325.181 Safari/537.36',
  'upgrade-insecure-requests' => '1',
  'cache-control' => 'max-age=0',
  'connection' => 'close',
  'host' => '127.0.0.10',
)
[ info ] [ PARAM ] array (
)
[ info ] [ CACHE ] INIT File
[ info ] [ SESSION ] INIT array (
  'id' => '',
  'var_session_id' => '',
  'prefix' => 'think',
  'type' => '',
  'auto_start' => true,
)
[ info ] [ RUN ] app\adminx\controller\Category->index[ F:\kfadmin\app\adminx\controller\Category.php ]
[ info ] [ VIEW ] F:\kfadmin/app/adminx\view\category\index.html [ array (
  0 => 'admin',
) ]
[ info ] [ LOG ] INIT File
[ error ] [8]未定义变量: vo[F:\kfadmin\runtime\temp\433729c6daf764317853f2d6aeb477f8.php:41]
---------------------------------------------------------------
[ 2018-04-30T08:41:05+08:00 ] 127.0.0.1 GET /index.php/adminx/category/index.html
[ info ] 127.0.0.10/index.php/adminx/category/index.html [运行时间：0.045892s][吞吐率：21.79req/s] [内存消耗：1,798.08kb] [文件加载：58]
[ info ] [ LANG ] F:\kfadmin\_core\lang\zh-cn.php
[ info ] [ ROUTE ] array (
  'type' => 'module',
  'module' => 
  array (
    0 => 'adminx',
    1 => 'category',
    2 => 'index',
  ),
)
[ info ] [ HEADER ] array (
  'cookie' => 'PHPSESSID=acg0kgqtmdsja3ggcnfoilflp7',
  'accept-language' => 'zh-CN,zh;q=0.9',
  'accept-encoding' => 'gzip, deflate, br',
  'referer' => 'http://127.0.0.10/index.php/adminx/index/index.html',
  'accept' => 'text/html,application/xhtml+xml,application/xml;q=0.9,image/webp,image/apng,*/*;q=0.8',
  'user-agent' => 'Mozilla/5.0 (Windows NT 10.0; WOW64) AppleWebKit/537.36 (KHTML, like Gecko) Chrome/65.0.3325.181 Safari/537.36',
  'upgrade-insecure-requests' => '1',
  'cache-control' => 'max-age=0',
  'connection' => 'close',
  'host' => '127.0.0.10',
)
[ info ] [ PARAM ] array (
)
[ info ] [ CACHE ] INIT File
[ info ] [ SESSION ] INIT array (
  'id' => '',
  'var_session_id' => '',
  'prefix' => 'think',
  'type' => '',
  'auto_start' => true,
)
[ info ] [ RUN ] app\adminx\controller\Category->index[ F:\kfadmin\app\adminx\controller\Category.php ]
[ info ] [ VIEW ] F:\kfadmin/app/adminx\view\category\index.html [ array (
  0 => 'admin',
) ]
[ info ] [ LOG ] INIT File
[ error ] [8]未定义变量: mid[F:\kfadmin\runtime\temp\433729c6daf764317853f2d6aeb477f8.php:40]
---------------------------------------------------------------
[ 2018-04-30T08:41:42+08:00 ] 127.0.0.1 GET /index.php/adminx/category/index.html
[ info ] 127.0.0.10/index.php/adminx/category/index.html [运行时间：0.050466s][吞吐率：19.82req/s] [内存消耗：1,618.26kb] [文件加载：52]
[ info ] [ LANG ] F:\kfadmin\_core\lang\zh-cn.php
[ info ] [ ROUTE ] array (
  'type' => 'module',
  'module' => 
  array (
    0 => 'adminx',
    1 => 'category',
    2 => 'index',
  ),
)
[ info ] [ HEADER ] array (
  'cookie' => 'PHPSESSID=acg0kgqtmdsja3ggcnfoilflp7',
  'accept-language' => 'zh-CN,zh;q=0.9',
  'accept-encoding' => 'gzip, deflate, br',
  'referer' => 'http://127.0.0.10/index.php/adminx/index/index.html',
  'accept' => 'text/html,application/xhtml+xml,application/xml;q=0.9,image/webp,image/apng,*/*;q=0.8',
  'user-agent' => 'Mozilla/5.0 (Windows NT 10.0; WOW64) AppleWebKit/537.36 (KHTML, like Gecko) Chrome/65.0.3325.181 Safari/537.36',
  'upgrade-insecure-requests' => '1',
  'cache-control' => 'max-age=0',
  'connection' => 'close',
  'host' => '127.0.0.10',
)
[ info ] [ PARAM ] array (
)
[ info ] [ CACHE ] INIT File
[ info ] [ SESSION ] INIT array (
  'id' => '',
  'var_session_id' => '',
  'prefix' => 'think',
  'type' => '',
  'auto_start' => true,
)
[ info ] [ RUN ] app\adminx\controller\Category->index[ F:\kfadmin\app\adminx\controller\Category.php ]
[ info ] [ LOG ] INIT File
[ error ] [0]致命错误: Call to undefined function app\adminx\controller\I()[F:\kfadmin\app\adminx\controller\Category.php:6]
---------------------------------------------------------------
[ 2018-04-30T08:41:55+08:00 ] 127.0.0.1 GET /index.php/adminx/category/index.html
[ info ] 127.0.0.10/index.php/adminx/category/index.html [运行时间：0.037966s][吞吐率：26.34req/s] [内存消耗：1,640.70kb] [文件加载：52]
[ info ] [ LANG ] F:\kfadmin\_core\lang\zh-cn.php
[ info ] [ ROUTE ] array (
  'type' => 'module',
  'module' => 
  array (
    0 => 'adminx',
    1 => 'category',
    2 => 'index',
  ),
)
[ info ] [ HEADER ] array (
  'cookie' => 'PHPSESSID=acg0kgqtmdsja3ggcnfoilflp7',
  'accept-language' => 'zh-CN,zh;q=0.9',
  'accept-encoding' => 'gzip, deflate, br',
  'referer' => 'http://127.0.0.10/index.php/adminx/index/index.html',
  'accept' => 'text/html,application/xhtml+xml,application/xml;q=0.9,image/webp,image/apng,*/*;q=0.8',
  'user-agent' => 'Mozilla/5.0 (Windows NT 10.0; WOW64) AppleWebKit/537.36 (KHTML, like Gecko) Chrome/65.0.3325.181 Safari/537.36',
  'upgrade-insecure-requests' => '1',
  'cache-control' => 'max-age=0',
  'connection' => 'close',
  'host' => '127.0.0.10',
)
[ info ] [ PARAM ] array (
)
[ info ] [ CACHE ] INIT File
[ info ] [ SESSION ] INIT array (
  'id' => '',
  'var_session_id' => '',
  'prefix' => 'think',
  'type' => '',
  'auto_start' => true,
)
[ info ] [ RUN ] app\adminx\controller\Category->index[ F:\kfadmin\app\adminx\controller\Category.php ]
[ info ] [ VIEW ] F:\kfadmin/app/adminx\view\category\index.html [ array (
  0 => 'admin',
  1 => 'mid',
) ]
[ info ] [ LOG ] INIT File
---------------------------------------------------------------
[ 2018-04-30T08:41:55+08:00 ] 127.0.0.1 POST /index.php/adminx/category/index/mid/1.html
[ info ] 127.0.0.10/index.php/adminx/category/index/mid/1.html [运行时间：0.049011s][吞吐率：20.40req/s] [内存消耗：1,641.66kb] [文件加载：52]
[ info ] [ LANG ] F:\kfadmin\_core\lang\zh-cn.php
[ info ] [ ROUTE ] array (
  'type' => 'module',
  'module' => 
  array (
    0 => 'adminx',
    1 => 'category',
    2 => 'index',
  ),
)
[ info ] [ HEADER ] array (
  'cookie' => 'PHPSESSID=acg0kgqtmdsja3ggcnfoilflp7',
  'accept-language' => 'zh-CN,zh;q=0.9',
  'accept-encoding' => 'gzip, deflate, br',
  'referer' => 'http://127.0.0.10/index.php/adminx/category/index.html',
  'content-type' => 'application/x-www-form-urlencoded; charset=UTF-8',
  'user-agent' => 'Mozilla/5.0 (Windows NT 10.0; WOW64) AppleWebKit/537.36 (KHTML, like Gecko) Chrome/65.0.3325.181 Safari/537.36',
  'x-requested-with' => 'XMLHttpRequest',
  'origin' => 'http://127.0.0.10',
  'accept' => 'application/json, text/javascript, */*; q=0.01',
  'content-length' => '21',
  'connection' => 'close',
  'host' => '127.0.0.10',
)
[ info ] [ PARAM ] array (
  'pageNum' => '1',
  'pageSize' => '20',
  'mid' => '1',
)
[ info ] [ CACHE ] INIT File
[ info ] [ SESSION ] INIT array (
  'id' => '',
  'var_session_id' => '',
  'prefix' => 'think',
  'type' => '',
  'auto_start' => true,
)
[ info ] [ RUN ] app\adminx\controller\Category->index[ F:\kfadmin\app\adminx\controller\Category.php ]
[ info ] [ VIEW ] F:\kfadmin/app/adminx\view\category\index.html [ array (
  0 => 'admin',
  1 => 'mid',
) ]
[ info ] [ LOG ] INIT File
---------------------------------------------------------------
[ 2018-04-30T08:43:39+08:00 ] 127.0.0.1 GET /index.php/adminx/category/index.html
[ info ] 127.0.0.10/index.php/adminx/category/index.html [运行时间：0.046885s][吞吐率：21.33req/s] [内存消耗：1,624.75kb] [文件加载：53]
[ info ] [ LANG ] F:\kfadmin\_core\lang\zh-cn.php
[ info ] [ ROUTE ] array (
  'type' => 'module',
  'module' => 
  array (
    0 => 'adminx',
    1 => 'category',
    2 => 'index',
  ),
)
[ info ] [ HEADER ] array (
  'cookie' => 'PHPSESSID=acg0kgqtmdsja3ggcnfoilflp7',
  'accept-language' => 'zh-CN,zh;q=0.9',
  'accept-encoding' => 'gzip, deflate, br',
  'referer' => 'http://127.0.0.10/index.php/adminx/index/index.html',
  'accept' => 'text/html,application/xhtml+xml,application/xml;q=0.9,image/webp,image/apng,*/*;q=0.8',
  'user-agent' => 'Mozilla/5.0 (Windows NT 10.0; WOW64) AppleWebKit/537.36 (KHTML, like Gecko) Chrome/65.0.3325.181 Safari/537.36',
  'upgrade-insecure-requests' => '1',
  'cache-control' => 'max-age=0',
  'connection' => 'close',
  'host' => '127.0.0.10',
)
[ info ] [ PARAM ] array (
)
[ info ] [ CACHE ] INIT File
[ info ] [ SESSION ] INIT array (
  'id' => '',
  'var_session_id' => '',
  'prefix' => 'think',
  'type' => '',
  'auto_start' => true,
)
[ info ] [ RUN ] app\adminx\controller\Category->index[ F:\kfadmin\app\adminx\controller\Category.php ]
[ info ] [ LOG ] INIT File
[ error ] [8]Use of undefined constant IS_POST - assumed 'IS_POST'[F:\kfadmin\app\adminx\controller\Category.php:6]
---------------------------------------------------------------
[ 2018-04-30T08:45:37+08:00 ] 127.0.0.1 GET /index.php/adminx/category/index.html
[ info ] 127.0.0.10/index.php/adminx/category/index.html [运行时间：0.038561s][吞吐率：25.93req/s] [内存消耗：1,623.25kb] [文件加载：52]
[ info ] [ LANG ] F:\kfadmin\_core\lang\zh-cn.php
[ info ] [ ROUTE ] array (
  'type' => 'module',
  'module' => 
  array (
    0 => 'adminx',
    1 => 'category',
    2 => 'index',
  ),
)
[ info ] [ HEADER ] array (
  'cookie' => 'PHPSESSID=acg0kgqtmdsja3ggcnfoilflp7',
  'accept-language' => 'zh-CN,zh;q=0.9',
  'accept-encoding' => 'gzip, deflate, br',
  'referer' => 'http://127.0.0.10/index.php/adminx/index/index.html',
  'accept' => 'text/html,application/xhtml+xml,application/xml;q=0.9,image/webp,image/apng,*/*;q=0.8',
  'user-agent' => 'Mozilla/5.0 (Windows NT 10.0; WOW64) AppleWebKit/537.36 (KHTML, like Gecko) Chrome/65.0.3325.181 Safari/537.36',
  'upgrade-insecure-requests' => '1',
  'cache-control' => 'max-age=0',
  'connection' => 'close',
  'host' => '127.0.0.10',
)
[ info ] [ PARAM ] array (
)
[ info ] [ CACHE ] INIT File
[ info ] [ SESSION ] INIT array (
  'id' => '',
  'var_session_id' => '',
  'prefix' => 'think',
  'type' => '',
  'auto_start' => true,
)
[ info ] [ RUN ] app\adminx\controller\Category->index[ F:\kfadmin\app\adminx\controller\Category.php ]
[ info ] [ LOG ] INIT File
[ error ] [0]致命错误: Class 'app\adminx\controller\Request' not found[F:\kfadmin\app\adminx\controller\Category.php:6]
---------------------------------------------------------------
[ 2018-04-30T08:45:56+08:00 ] 127.0.0.1 GET /index.php/adminx/category/index.html
[ info ] 127.0.0.10/index.php/adminx/category/index.html [运行时间：0.038180s][吞吐率：26.19req/s] [内存消耗：1,645.41kb] [文件加载：52]
[ info ] [ LANG ] F:\kfadmin\_core\lang\zh-cn.php
[ info ] [ ROUTE ] array (
  'type' => 'module',
  'module' => 
  array (
    0 => 'adminx',
    1 => 'category',
    2 => 'index',
  ),
)
[ info ] [ HEADER ] array (
  'cookie' => 'PHPSESSID=acg0kgqtmdsja3ggcnfoilflp7',
  'accept-language' => 'zh-CN,zh;q=0.9',
  'accept-encoding' => 'gzip, deflate, br',
  'referer' => 'http://127.0.0.10/index.php/adminx/index/index.html',
  'accept' => 'text/html,application/xhtml+xml,application/xml;q=0.9,image/webp,image/apng,*/*;q=0.8',
  'user-agent' => 'Mozilla/5.0 (Windows NT 10.0; WOW64) AppleWebKit/537.36 (KHTML, like Gecko) Chrome/65.0.3325.181 Safari/537.36',
  'upgrade-insecure-requests' => '1',
  'cache-control' => 'max-age=0',
  'connection' => 'close',
  'host' => '127.0.0.10',
)
[ info ] [ PARAM ] array (
)
[ info ] [ CACHE ] INIT File
[ info ] [ SESSION ] INIT array (
  'id' => '',
  'var_session_id' => '',
  'prefix' => 'think',
  'type' => '',
  'auto_start' => true,
)
[ info ] [ RUN ] app\adminx\controller\Category->index[ F:\kfadmin\app\adminx\controller\Category.php ]
[ info ] [ VIEW ] F:\kfadmin/app/adminx\view\category\index.html [ array (
  0 => 'admin',
  1 => 'mid',
) ]
[ info ] [ LOG ] INIT File
---------------------------------------------------------------
[ 2018-04-30T08:45:57+08:00 ] 127.0.0.1 POST /index.php/adminx/category/index/mid/1.html
[ info ] 127.0.0.10/index.php/adminx/category/index/mid/1.html [运行时间：0.045474s][吞吐率：21.99req/s] [内存消耗：1,623.63kb] [文件加载：52]
[ info ] [ LANG ] F:\kfadmin\_core\lang\zh-cn.php
[ info ] [ ROUTE ] array (
  'type' => 'module',
  'module' => 
  array (
    0 => 'adminx',
    1 => 'category',
    2 => 'index',
  ),
)
[ info ] [ HEADER ] array (
  'cookie' => 'PHPSESSID=acg0kgqtmdsja3ggcnfoilflp7',
  'accept-language' => 'zh-CN,zh;q=0.9',
  'accept-encoding' => 'gzip, deflate, br',
  'referer' => 'http://127.0.0.10/index.php/adminx/category/index.html',
  'content-type' => 'application/x-www-form-urlencoded; charset=UTF-8',
  'user-agent' => 'Mozilla/5.0 (Windows NT 10.0; WOW64) AppleWebKit/537.36 (KHTML, like Gecko) Chrome/65.0.3325.181 Safari/537.36',
  'x-requested-with' => 'XMLHttpRequest',
  'origin' => 'http://127.0.0.10',
  'accept' => 'application/json, text/javascript, */*; q=0.01',
  'content-length' => '21',
  'connection' => 'close',
  'host' => '127.0.0.10',
)
[ info ] [ PARAM ] array (
  'pageNum' => '1',
  'pageSize' => '20',
  'mid' => '1',
)
[ info ] [ CACHE ] INIT File
[ info ] [ SESSION ] INIT array (
  'id' => '',
  'var_session_id' => '',
  'prefix' => 'think',
  'type' => '',
  'auto_start' => true,
)
[ info ] [ RUN ] app\adminx\controller\Category->index[ F:\kfadmin\app\adminx\controller\Category.php ]
[ info ] [ LOG ] INIT File
[ error ] [0]致命错误: Call to undefined function app\adminx\controller\I()[F:\kfadmin\app\adminx\controller\Category.php:8]
---------------------------------------------------------------
[ 2018-04-30T08:46:08+08:00 ] 127.0.0.1 GET /index.php/adminx/category/index.html
[ info ] 127.0.0.10/index.php/adminx/category/index.html [运行时间：0.036532s][吞吐率：27.37req/s] [内存消耗：1,645.47kb] [文件加载：52]
[ info ] [ LANG ] F:\kfadmin\_core\lang\zh-cn.php
[ info ] [ ROUTE ] array (
  'type' => 'module',
  'module' => 
  array (
    0 => 'adminx',
    1 => 'category',
    2 => 'index',
  ),
)
[ info ] [ HEADER ] array (
  'cookie' => 'PHPSESSID=acg0kgqtmdsja3ggcnfoilflp7',
  'accept-language' => 'zh-CN,zh;q=0.9',
  'accept-encoding' => 'gzip, deflate, br',
  'referer' => 'http://127.0.0.10/index.php/adminx/index/index.html',
  'accept' => 'text/html,application/xhtml+xml,application/xml;q=0.9,image/webp,image/apng,*/*;q=0.8',
  'user-agent' => 'Mozilla/5.0 (Windows NT 10.0; WOW64) AppleWebKit/537.36 (KHTML, like Gecko) Chrome/65.0.3325.181 Safari/537.36',
  'upgrade-insecure-requests' => '1',
  'cache-control' => 'no-cache',
  'pragma' => 'no-cache',
  'connection' => 'close',
  'host' => '127.0.0.10',
)
[ info ] [ PARAM ] array (
)
[ info ] [ CACHE ] INIT File
[ info ] [ SESSION ] INIT array (
  'id' => '',
  'var_session_id' => '',
  'prefix' => 'think',
  'type' => '',
  'auto_start' => true,
)
[ info ] [ RUN ] app\adminx\controller\Category->index[ F:\kfadmin\app\adminx\controller\Category.php ]
[ info ] [ VIEW ] F:\kfadmin/app/adminx\view\category\index.html [ array (
  0 => 'admin',
  1 => 'mid',
) ]
[ info ] [ LOG ] INIT File
---------------------------------------------------------------
[ 2018-04-30T08:46:08+08:00 ] 127.0.0.1 POST /index.php/adminx/category/index/mid/1.html
[ info ] 127.0.0.10/index.php/adminx/category/index/mid/1.html [运行时间：0.055454s][吞吐率：18.03req/s] [内存消耗：1,623.74kb] [文件加载：52]
[ info ] [ LANG ] F:\kfadmin\_core\lang\zh-cn.php
[ info ] [ ROUTE ] array (
  'type' => 'module',
  'module' => 
  array (
    0 => 'adminx',
    1 => 'category',
    2 => 'index',
  ),
)
[ info ] [ HEADER ] array (
  'cookie' => 'PHPSESSID=acg0kgqtmdsja3ggcnfoilflp7',
  'accept-language' => 'zh-CN,zh;q=0.9',
  'accept-encoding' => 'gzip, deflate, br',
  'referer' => 'http://127.0.0.10/index.php/adminx/category/index.html',
  'content-type' => 'application/x-www-form-urlencoded; charset=UTF-8',
  'user-agent' => 'Mozilla/5.0 (Windows NT 10.0; WOW64) AppleWebKit/537.36 (KHTML, like Gecko) Chrome/65.0.3325.181 Safari/537.36',
  'x-requested-with' => 'XMLHttpRequest',
  'origin' => 'http://127.0.0.10',
  'accept' => 'application/json, text/javascript, */*; q=0.01',
  'cache-control' => 'no-cache',
  'pragma' => 'no-cache',
  'content-length' => '21',
  'connection' => 'close',
  'host' => '127.0.0.10',
)
[ info ] [ PARAM ] array (
  'pageNum' => '1',
  'pageSize' => '20',
  'mid' => '1',
)
[ info ] [ CACHE ] INIT File
[ info ] [ SESSION ] INIT array (
  'id' => '',
  'var_session_id' => '',
  'prefix' => 'think',
  'type' => '',
  'auto_start' => true,
)
[ info ] [ RUN ] app\adminx\controller\Category->index[ F:\kfadmin\app\adminx\controller\Category.php ]
[ info ] [ LOG ] INIT File
[ error ] [0]致命错误: Call to undefined function app\adminx\controller\I()[F:\kfadmin\app\adminx\controller\Category.php:8]
---------------------------------------------------------------
[ 2018-04-30T08:46:12+08:00 ] 127.0.0.1 GET /index.php/adminx/category/index.html
[ info ] 127.0.0.10/index.php/adminx/category/index.html [运行时间：0.037722s][吞吐率：26.51req/s] [内存消耗：1,645.47kb] [文件加载：52]
[ info ] [ LANG ] F:\kfadmin\_core\lang\zh-cn.php
[ info ] [ ROUTE ] array (
  'type' => 'module',
  'module' => 
  array (
    0 => 'adminx',
    1 => 'category',
    2 => 'index',
  ),
)
[ info ] [ HEADER ] array (
  'cookie' => 'PHPSESSID=acg0kgqtmdsja3ggcnfoilflp7',
  'accept-language' => 'zh-CN,zh;q=0.9',
  'accept-encoding' => 'gzip, deflate, br',
  'referer' => 'http://127.0.0.10/index.php/adminx/index/index.html',
  'accept' => 'text/html,application/xhtml+xml,application/xml;q=0.9,image/webp,image/apng,*/*;q=0.8',
  'user-agent' => 'Mozilla/5.0 (Windows NT 10.0; WOW64) AppleWebKit/537.36 (KHTML, like Gecko) Chrome/65.0.3325.181 Safari/537.36',
  'upgrade-insecure-requests' => '1',
  'cache-control' => 'no-cache',
  'pragma' => 'no-cache',
  'connection' => 'close',
  'host' => '127.0.0.10',
)
[ info ] [ PARAM ] array (
)
[ info ] [ CACHE ] INIT File
[ info ] [ SESSION ] INIT array (
  'id' => '',
  'var_session_id' => '',
  'prefix' => 'think',
  'type' => '',
  'auto_start' => true,
)
[ info ] [ RUN ] app\adminx\controller\Category->index[ F:\kfadmin\app\adminx\controller\Category.php ]
[ info ] [ VIEW ] F:\kfadmin/app/adminx\view\category\index.html [ array (
  0 => 'admin',
  1 => 'mid',
) ]
[ info ] [ LOG ] INIT File
---------------------------------------------------------------
[ 2018-04-30T08:46:12+08:00 ] 127.0.0.1 POST /index.php/adminx/category/index/mid/1.html
[ info ] 127.0.0.10/index.php/adminx/category/index/mid/1.html [运行时间：0.058377s][吞吐率：17.13req/s] [内存消耗：1,623.74kb] [文件加载：52]
[ info ] [ LANG ] F:\kfadmin\_core\lang\zh-cn.php
[ info ] [ ROUTE ] array (
  'type' => 'module',
  'module' => 
  array (
    0 => 'adminx',
    1 => 'category',
    2 => 'index',
  ),
)
[ info ] [ HEADER ] array (
  'cookie' => 'PHPSESSID=acg0kgqtmdsja3ggcnfoilflp7',
  'accept-language' => 'zh-CN,zh;q=0.9',
  'accept-encoding' => 'gzip, deflate, br',
  'referer' => 'http://127.0.0.10/index.php/adminx/category/index.html',
  'content-type' => 'application/x-www-form-urlencoded; charset=UTF-8',
  'user-agent' => 'Mozilla/5.0 (Windows NT 10.0; WOW64) AppleWebKit/537.36 (KHTML, like Gecko) Chrome/65.0.3325.181 Safari/537.36',
  'x-requested-with' => 'XMLHttpRequest',
  'origin' => 'http://127.0.0.10',
  'accept' => 'application/json, text/javascript, */*; q=0.01',
  'cache-control' => 'no-cache',
  'pragma' => 'no-cache',
  'content-length' => '21',
  'connection' => 'close',
  'host' => '127.0.0.10',
)
[ info ] [ PARAM ] array (
  'pageNum' => '1',
  'pageSize' => '20',
  'mid' => '1',
)
[ info ] [ CACHE ] INIT File
[ info ] [ SESSION ] INIT array (
  'id' => '',
  'var_session_id' => '',
  'prefix' => 'think',
  'type' => '',
  'auto_start' => true,
)
[ info ] [ RUN ] app\adminx\controller\Category->index[ F:\kfadmin\app\adminx\controller\Category.php ]
[ info ] [ LOG ] INIT File
[ error ] [0]致命错误: Call to undefined function app\adminx\controller\I()[F:\kfadmin\app\adminx\controller\Category.php:8]
---------------------------------------------------------------
[ 2018-04-30T08:46:19+08:00 ] 127.0.0.1 GET /index.php/adminx/category/index/mid/1.html
[ info ] 127.0.0.10/index.php/adminx/category/index/mid/1.html [运行时间：0.056102s][吞吐率：17.82req/s] [内存消耗：1,645.47kb] [文件加载：52]
[ info ] [ LANG ] F:\kfadmin\_core\lang\zh-cn.php
[ info ] [ ROUTE ] array (
  'type' => 'module',
  'module' => 
  array (
    0 => 'adminx',
    1 => 'category',
    2 => 'index',
  ),
)
[ info ] [ HEADER ] array (
  'cookie' => 'PHPSESSID=acg0kgqtmdsja3ggcnfoilflp7',
  'accept-language' => 'zh-CN,zh;q=0.9',
  'accept-encoding' => 'gzip, deflate, br',
  'accept' => 'text/html,application/xhtml+xml,application/xml;q=0.9,image/webp,image/apng,*/*;q=0.8',
  'user-agent' => 'Mozilla/5.0 (Windows NT 10.0; WOW64) AppleWebKit/537.36 (KHTML, like Gecko) Chrome/65.0.3325.181 Safari/537.36',
  'upgrade-insecure-requests' => '1',
  'connection' => 'close',
  'host' => '127.0.0.10',
)
[ info ] [ PARAM ] array (
  'mid' => '1',
)
[ info ] [ CACHE ] INIT File
[ info ] [ SESSION ] INIT array (
  'id' => '',
  'var_session_id' => '',
  'prefix' => 'think',
  'type' => '',
  'auto_start' => true,
)
[ info ] [ RUN ] app\adminx\controller\Category->index[ F:\kfadmin\app\adminx\controller\Category.php ]
[ info ] [ VIEW ] F:\kfadmin/app/adminx\view\category\index.html [ array (
  0 => 'admin',
  1 => 'mid',
) ]
[ info ] [ LOG ] INIT File
---------------------------------------------------------------
[ 2018-04-30T08:46:20+08:00 ] 127.0.0.1 POST /index.php/adminx/category/index/mid/1.html
[ info ] 127.0.0.10/index.php/adminx/category/index/mid/1.html [运行时间：0.048681s][吞吐率：20.54req/s] [内存消耗：1,623.63kb] [文件加载：52]
[ info ] [ LANG ] F:\kfadmin\_core\lang\zh-cn.php
[ info ] [ ROUTE ] array (
  'type' => 'module',
  'module' => 
  array (
    0 => 'adminx',
    1 => 'category',
    2 => 'index',
  ),
)
[ info ] [ HEADER ] array (
  'cookie' => 'PHPSESSID=acg0kgqtmdsja3ggcnfoilflp7',
  'accept-language' => 'zh-CN,zh;q=0.9',
  'accept-encoding' => 'gzip, deflate, br',
  'referer' => 'http://127.0.0.10/index.php/adminx/category/index/mid/1.html',
  'content-type' => 'application/x-www-form-urlencoded; charset=UTF-8',
  'user-agent' => 'Mozilla/5.0 (Windows NT 10.0; WOW64) AppleWebKit/537.36 (KHTML, like Gecko) Chrome/65.0.3325.181 Safari/537.36',
  'x-requested-with' => 'XMLHttpRequest',
  'origin' => 'http://127.0.0.10',
  'accept' => 'application/json, text/javascript, */*; q=0.01',
  'content-length' => '21',
  'connection' => 'close',
  'host' => '127.0.0.10',
)
[ info ] [ PARAM ] array (
  'pageNum' => '1',
  'pageSize' => '20',
  'mid' => '1',
)
[ info ] [ CACHE ] INIT File
[ info ] [ SESSION ] INIT array (
  'id' => '',
  'var_session_id' => '',
  'prefix' => 'think',
  'type' => '',
  'auto_start' => true,
)
[ info ] [ RUN ] app\adminx\controller\Category->index[ F:\kfadmin\app\adminx\controller\Category.php ]
[ info ] [ LOG ] INIT File
[ error ] [0]致命错误: Call to undefined function app\adminx\controller\I()[F:\kfadmin\app\adminx\controller\Category.php:8]
---------------------------------------------------------------
[ 2018-04-30T08:46:53+08:00 ] 127.0.0.1 GET /index.php/adminx/category/index.html
[ info ] 127.0.0.10/index.php/adminx/category/index.html [运行时间：0.038707s][吞吐率：25.84req/s] [内存消耗：1,645.36kb] [文件加载：52]
[ info ] [ LANG ] F:\kfadmin\_core\lang\zh-cn.php
[ info ] [ ROUTE ] array (
  'type' => 'module',
  'module' => 
  array (
    0 => 'adminx',
    1 => 'category',
    2 => 'index',
  ),
)
[ info ] [ HEADER ] array (
  'cookie' => 'PHPSESSID=acg0kgqtmdsja3ggcnfoilflp7',
  'accept-language' => 'zh-CN,zh;q=0.9',
  'accept-encoding' => 'gzip, deflate, br',
  'referer' => 'http://127.0.0.10/index.php/adminx/index/index.html',
  'accept' => 'text/html,application/xhtml+xml,application/xml;q=0.9,image/webp,image/apng,*/*;q=0.8',
  'user-agent' => 'Mozilla/5.0 (Windows NT 10.0; WOW64) AppleWebKit/537.36 (KHTML, like Gecko) Chrome/65.0.3325.181 Safari/537.36',
  'upgrade-insecure-requests' => '1',
  'cache-control' => 'no-cache',
  'pragma' => 'no-cache',
  'connection' => 'close',
  'host' => '127.0.0.10',
)
[ info ] [ PARAM ] array (
)
[ info ] [ CACHE ] INIT File
[ info ] [ SESSION ] INIT array (
  'id' => '',
  'var_session_id' => '',
  'prefix' => 'think',
  'type' => '',
  'auto_start' => true,
)
[ info ] [ RUN ] app\adminx\controller\Category->index[ F:\kfadmin\app\adminx\controller\Category.php ]
[ info ] [ VIEW ] F:\kfadmin/app/adminx\view\category\index.html [ array (
  0 => 'admin',
  1 => 'mid',
) ]
[ info ] [ LOG ] INIT File
---------------------------------------------------------------
[ 2018-04-30T08:46:54+08:00 ] 127.0.0.1 POST /index.php/adminx/category/index/mid/1.html
[ info ] 127.0.0.10/index.php/adminx/category/index/mid/1.html [运行时间：0.048236s][吞吐率：20.73req/s] [内存消耗：1,576.05kb] [文件加载：48]
[ info ] [ LANG ] F:\kfadmin\_core\lang\zh-cn.php
[ info ] [ ROUTE ] array (
  'type' => 'module',
  'module' => 
  array (
    0 => 'adminx',
    1 => 'category',
    2 => 'index',
  ),
)
[ info ] [ HEADER ] array (
  'cookie' => 'PHPSESSID=acg0kgqtmdsja3ggcnfoilflp7',
  'accept-language' => 'zh-CN,zh;q=0.9',
  'accept-encoding' => 'gzip, deflate, br',
  'referer' => 'http://127.0.0.10/index.php/adminx/category/index.html',
  'content-type' => 'application/x-www-form-urlencoded; charset=UTF-8',
  'user-agent' => 'Mozilla/5.0 (Windows NT 10.0; WOW64) AppleWebKit/537.36 (KHTML, like Gecko) Chrome/65.0.3325.181 Safari/537.36',
  'x-requested-with' => 'XMLHttpRequest',
  'origin' => 'http://127.0.0.10',
  'accept' => 'application/json, text/javascript, */*; q=0.01',
  'cache-control' => 'no-cache',
  'pragma' => 'no-cache',
  'content-length' => '21',
  'connection' => 'close',
  'host' => '127.0.0.10',
)
[ info ] [ PARAM ] array (
  'pageNum' => '1',
  'pageSize' => '20',
  'mid' => '1',
)
[ info ] [ CACHE ] INIT File
[ info ] [ SESSION ] INIT array (
  'id' => '',
  'var_session_id' => '',
  'prefix' => 'think',
  'type' => '',
  'auto_start' => true,
)
[ info ] [ RUN ] app\adminx\controller\Category->index[ F:\kfadmin\app\adminx\controller\Category.php ]
[ info ] [ LOG ] INIT File
---------------------------------------------------------------
[ 2018-04-30T08:47:24+08:00 ] 127.0.0.1 GET /index.php/adminx/category/index.html
[ info ] 127.0.0.10/index.php/adminx/category/index.html [运行时间：0.037011s][吞吐率：27.02req/s] [内存消耗：1,645.36kb] [文件加载：52]
[ info ] [ LANG ] F:\kfadmin\_core\lang\zh-cn.php
[ info ] [ ROUTE ] array (
  'type' => 'module',
  'module' => 
  array (
    0 => 'adminx',
    1 => 'category',
    2 => 'index',
  ),
)
[ info ] [ HEADER ] array (
  'cookie' => 'PHPSESSID=acg0kgqtmdsja3ggcnfoilflp7',
  'accept-language' => 'zh-CN,zh;q=0.9',
  'accept-encoding' => 'gzip, deflate, br',
  'referer' => 'http://127.0.0.10/index.php/adminx/index/index.html',
  'accept' => 'text/html,application/xhtml+xml,application/xml;q=0.9,image/webp,image/apng,*/*;q=0.8',
  'user-agent' => 'Mozilla/5.0 (Windows NT 10.0; WOW64) AppleWebKit/537.36 (KHTML, like Gecko) Chrome/65.0.3325.181 Safari/537.36',
  'upgrade-insecure-requests' => '1',
  'cache-control' => 'no-cache',
  'pragma' => 'no-cache',
  'connection' => 'close',
  'host' => '127.0.0.10',
)
[ info ] [ PARAM ] array (
)
[ info ] [ CACHE ] INIT File
[ info ] [ SESSION ] INIT array (
  'id' => '',
  'var_session_id' => '',
  'prefix' => 'think',
  'type' => '',
  'auto_start' => true,
)
[ info ] [ RUN ] app\adminx\controller\Category->index[ F:\kfadmin\app\adminx\controller\Category.php ]
[ info ] [ VIEW ] F:\kfadmin/app/adminx\view\category\index.html [ array (
  0 => 'admin',
  1 => 'mid',
) ]
[ info ] [ LOG ] INIT File
---------------------------------------------------------------
[ 2018-04-30T08:47:24+08:00 ] 127.0.0.1 POST /index.php/adminx/category/index/mid/1.html
[ info ] 127.0.0.10/index.php/adminx/category/index/mid/1.html [运行时间：0.048240s][吞吐率：20.73req/s] [内存消耗：1,576.05kb] [文件加载：48]
[ info ] [ LANG ] F:\kfadmin\_core\lang\zh-cn.php
[ info ] [ ROUTE ] array (
  'type' => 'module',
  'module' => 
  array (
    0 => 'adminx',
    1 => 'category',
    2 => 'index',
  ),
)
[ info ] [ HEADER ] array (
  'cookie' => 'PHPSESSID=acg0kgqtmdsja3ggcnfoilflp7',
  'accept-language' => 'zh-CN,zh;q=0.9',
  'accept-encoding' => 'gzip, deflate, br',
  'referer' => 'http://127.0.0.10/index.php/adminx/category/index.html',
  'content-type' => 'application/x-www-form-urlencoded; charset=UTF-8',
  'user-agent' => 'Mozilla/5.0 (Windows NT 10.0; WOW64) AppleWebKit/537.36 (KHTML, like Gecko) Chrome/65.0.3325.181 Safari/537.36',
  'x-requested-with' => 'XMLHttpRequest',
  'origin' => 'http://127.0.0.10',
  'accept' => 'application/json, text/javascript, */*; q=0.01',
  'cache-control' => 'no-cache',
  'pragma' => 'no-cache',
  'content-length' => '21',
  'connection' => 'close',
  'host' => '127.0.0.10',
)
[ info ] [ PARAM ] array (
  'pageNum' => '1',
  'pageSize' => '20',
  'mid' => '1',
)
[ info ] [ CACHE ] INIT File
[ info ] [ SESSION ] INIT array (
  'id' => '',
  'var_session_id' => '',
  'prefix' => 'think',
  'type' => '',
  'auto_start' => true,
)
[ info ] [ RUN ] app\adminx\controller\Category->index[ F:\kfadmin\app\adminx\controller\Category.php ]
[ info ] [ LOG ] INIT File
---------------------------------------------------------------
[ 2018-04-30T08:47:54+08:00 ] 127.0.0.1 GET /index.php/adminx/category/index.html
[ info ] 127.0.0.10/index.php/adminx/category/index.html [运行时间：0.036005s][吞吐率：27.77req/s] [内存消耗：1,645.36kb] [文件加载：52]
[ info ] [ LANG ] F:\kfadmin\_core\lang\zh-cn.php
[ info ] [ ROUTE ] array (
  'type' => 'module',
  'module' => 
  array (
    0 => 'adminx',
    1 => 'category',
    2 => 'index',
  ),
)
[ info ] [ HEADER ] array (
  'cookie' => 'PHPSESSID=acg0kgqtmdsja3ggcnfoilflp7',
  'accept-language' => 'zh-CN,zh;q=0.9',
  'accept-encoding' => 'gzip, deflate, br',
  'referer' => 'http://127.0.0.10/index.php/adminx/index/index.html',
  'accept' => 'text/html,application/xhtml+xml,application/xml;q=0.9,image/webp,image/apng,*/*;q=0.8',
  'user-agent' => 'Mozilla/5.0 (Windows NT 10.0; WOW64) AppleWebKit/537.36 (KHTML, like Gecko) Chrome/65.0.3325.181 Safari/537.36',
  'upgrade-insecure-requests' => '1',
  'cache-control' => 'no-cache',
  'pragma' => 'no-cache',
  'connection' => 'close',
  'host' => '127.0.0.10',
)
[ info ] [ PARAM ] array (
)
[ info ] [ CACHE ] INIT File
[ info ] [ SESSION ] INIT array (
  'id' => '',
  'var_session_id' => '',
  'prefix' => 'think',
  'type' => '',
  'auto_start' => true,
)
[ info ] [ RUN ] app\adminx\controller\Category->index[ F:\kfadmin\app\adminx\controller\Category.php ]
[ info ] [ VIEW ] F:\kfadmin/app/adminx\view\category\index.html [ array (
  0 => 'admin',
  1 => 'mid',
) ]
[ info ] [ LOG ] INIT File
---------------------------------------------------------------
[ 2018-04-30T08:47:55+08:00 ] 127.0.0.1 POST /index.php/adminx/category/index/mid/1.html
[ info ] 127.0.0.10/index.php/adminx/category/index/mid/1.html [运行时间：0.050514s][吞吐率：19.80req/s] [内存消耗：1,576.05kb] [文件加载：48]
[ info ] [ LANG ] F:\kfadmin\_core\lang\zh-cn.php
[ info ] [ ROUTE ] array (
  'type' => 'module',
  'module' => 
  array (
    0 => 'adminx',
    1 => 'category',
    2 => 'index',
  ),
)
[ info ] [ HEADER ] array (
  'cookie' => 'PHPSESSID=acg0kgqtmdsja3ggcnfoilflp7',
  'accept-language' => 'zh-CN,zh;q=0.9',
  'accept-encoding' => 'gzip, deflate, br',
  'referer' => 'http://127.0.0.10/index.php/adminx/category/index.html',
  'content-type' => 'application/x-www-form-urlencoded; charset=UTF-8',
  'user-agent' => 'Mozilla/5.0 (Windows NT 10.0; WOW64) AppleWebKit/537.36 (KHTML, like Gecko) Chrome/65.0.3325.181 Safari/537.36',
  'x-requested-with' => 'XMLHttpRequest',
  'origin' => 'http://127.0.0.10',
  'accept' => 'application/json, text/javascript, */*; q=0.01',
  'cache-control' => 'no-cache',
  'pragma' => 'no-cache',
  'content-length' => '21',
  'connection' => 'close',
  'host' => '127.0.0.10',
)
[ info ] [ PARAM ] array (
  'pageNum' => '1',
  'pageSize' => '20',
  'mid' => '1',
)
[ info ] [ CACHE ] INIT File
[ info ] [ SESSION ] INIT array (
  'id' => '',
  'var_session_id' => '',
  'prefix' => 'think',
  'type' => '',
  'auto_start' => true,
)
[ info ] [ RUN ] app\adminx\controller\Category->index[ F:\kfadmin\app\adminx\controller\Category.php ]
[ info ] [ LOG ] INIT File
---------------------------------------------------------------
[ 2018-04-30T08:48:07+08:00 ] 127.0.0.1 GET /index.php/adminx/category/index/mid/1.html
[ info ] 127.0.0.10/index.php/adminx/category/index/mid/1.html [运行时间：0.060150s][吞吐率：16.63req/s] [内存消耗：1,645.36kb] [文件加载：52]
[ info ] [ LANG ] F:\kfadmin\_core\lang\zh-cn.php
[ info ] [ ROUTE ] array (
  'type' => 'module',
  'module' => 
  array (
    0 => 'adminx',
    1 => 'category',
    2 => 'index',
  ),
)
[ info ] [ HEADER ] array (
  'cookie' => 'PHPSESSID=acg0kgqtmdsja3ggcnfoilflp7',
  'accept-language' => 'zh-CN,zh;q=0.9',
  'accept-encoding' => 'gzip, deflate, br',
  'accept' => 'text/html,application/xhtml+xml,application/xml;q=0.9,image/webp,image/apng,*/*;q=0.8',
  'user-agent' => 'Mozilla/5.0 (Windows NT 10.0; WOW64) AppleWebKit/537.36 (KHTML, like Gecko) Chrome/65.0.3325.181 Safari/537.36',
  'upgrade-insecure-requests' => '1',
  'connection' => 'close',
  'host' => '127.0.0.10',
)
[ info ] [ PARAM ] array (
  'mid' => '1',
)
[ info ] [ CACHE ] INIT File
[ info ] [ SESSION ] INIT array (
  'id' => '',
  'var_session_id' => '',
  'prefix' => 'think',
  'type' => '',
  'auto_start' => true,
)
[ info ] [ RUN ] app\adminx\controller\Category->index[ F:\kfadmin\app\adminx\controller\Category.php ]
[ info ] [ VIEW ] F:\kfadmin/app/adminx\view\category\index.html [ array (
  0 => 'admin',
  1 => 'mid',
) ]
[ info ] [ LOG ] INIT File
---------------------------------------------------------------
[ 2018-04-30T08:48:07+08:00 ] 127.0.0.1 POST /index.php/adminx/category/index/mid/1.html
[ info ] 127.0.0.10/index.php/adminx/category/index/mid/1.html [运行时间：0.045271s][吞吐率：22.09req/s] [内存消耗：1,575.44kb] [文件加载：48]
[ info ] [ LANG ] F:\kfadmin\_core\lang\zh-cn.php
[ info ] [ ROUTE ] array (
  'type' => 'module',
  'module' => 
  array (
    0 => 'adminx',
    1 => 'category',
    2 => 'index',
  ),
)
[ info ] [ HEADER ] array (
  'cookie' => 'PHPSESSID=acg0kgqtmdsja3ggcnfoilflp7',
  'accept-language' => 'zh-CN,zh;q=0.9',
  'accept-encoding' => 'gzip, deflate, br',
  'referer' => 'http://127.0.0.10/index.php/adminx/category/index/mid/1.html',
  'content-type' => 'application/x-www-form-urlencoded; charset=UTF-8',
  'user-agent' => 'Mozilla/5.0 (Windows NT 10.0; WOW64) AppleWebKit/537.36 (KHTML, like Gecko) Chrome/65.0.3325.181 Safari/537.36',
  'x-requested-with' => 'XMLHttpRequest',
  'origin' => 'http://127.0.0.10',
  'accept' => 'application/json, text/javascript, */*; q=0.01',
  'content-length' => '21',
  'connection' => 'close',
  'host' => '127.0.0.10',
)
[ info ] [ PARAM ] array (
  'pageNum' => '1',
  'pageSize' => '20',
  'mid' => '1',
)
[ info ] [ CACHE ] INIT File
[ info ] [ SESSION ] INIT array (
  'id' => '',
  'var_session_id' => '',
  'prefix' => 'think',
  'type' => '',
  'auto_start' => true,
)
[ info ] [ RUN ] app\adminx\controller\Category->index[ F:\kfadmin\app\adminx\controller\Category.php ]
[ info ] [ LOG ] INIT File
